This file contains any messages produced by compilers while
running configure, to aid debugging if configure makes a mistake.

It was created by anaconda configure 13.21.229, which was
generated by GNU Autoconf 2.63.  Invocation command line was

  $ ./configure --prefix=/usr/local/anaconda

## --------- ##
## Platform. ##
## --------- ##

hostname = dengjq.sugon.com
uname -m = x86_64
uname -r = 2.6.32-504.el6.x86_64
uname -s = Linux
uname -v = #1 SMP Wed Oct 15 04:27:16 UTC 2014

/usr/bin/uname -p = unknown
/bin/uname -X     = unknown

/bin/arch              = x86_64
/usr/bin/arch -k       = unknown
/usr/convex/getsysinfo = unknown
/usr/bin/hostinfo      = unknown
/bin/machine           = unknown
/usr/bin/oslevel       = unknown
/bin/universe          = unknown

PATH: /usr/lib64/qt-3.3/bin
PATH: /usr/kerberos/sbin
PATH: /usr/kerberos/bin
PATH: /usr/local/bin
PATH: /bin
PATH: /usr/bin
PATH: /usr/local/sbin
PATH: /usr/sbin
PATH: /sbin
PATH: /home/dengjq/bin


## ----------- ##
## Core tests. ##
## ----------- ##

configure:2253: checking for a BSD-compatible install
configure:2321: result: /usr/bin/install -c
configure:2332: checking whether build environment is sane
configure:2392: result: yes
configure:2533: checking for a thread-safe mkdir -p
configure:2572: result: /bin/mkdir -p
configure:2585: checking for gawk
configure:2601: found /bin/gawk
configure:2612: result: gawk
configure:2623: checking whether make sets $(MAKE)
configure:2645: result: yes
configure:2756: checking for gawk
configure:2783: result: gawk
configure:2794: checking for grep that handles long lines and -e
configure:2854: result: /bin/grep
configure:2907: checking for gcc
configure:2923: found /usr/bin/gcc
configure:2934: result: gcc
configure:3166: checking for C compiler version
configure:3174: gcc --version >&5
gcc (GCC) 4.4.7 20120313 (Red Hat 4.4.7-11)
Copyright (C) 2010 Free Software Foundation, Inc.
This is free software; see the source for copying conditions.  There is NO
warranty; not even for MERCHANTABILITY or FITNESS FOR A PARTICULAR PURPOSE.

configure:3178: $? = 0
configure:3185: gcc -v >&5
Using built-in specs.
Target: x86_64-redhat-linux
Configured with: ../configure --prefix=/usr --mandir=/usr/share/man --infodir=/usr/share/info --with-bugurl=http://bugzilla.redhat.com/bugzilla --enable-bootstrap --enable-shared --enable-threads=posix --enable-checking=release --with-system-zlib --enable-__cxa_atexit --disable-libunwind-exceptions --enable-gnu-unique-object --enable-languages=c,c++,objc,obj-c++,java,fortran,ada --enable-java-awt=gtk --disable-dssi --with-java-home=/usr/lib/jvm/java-1.5.0-gcj-1.5.0.0/jre --enable-libgcj-multifile --enable-java-maintainer-mode --with-ecj-jar=/usr/share/java/eclipse-ecj.jar --disable-libjava-multilib --with-ppl --with-cloog --with-tune=generic --with-arch_32=i686 --build=x86_64-redhat-linux
Thread model: posix
gcc version 4.4.7 20120313 (Red Hat 4.4.7-11) (GCC) 
configure:3189: $? = 0
configure:3196: gcc -V >&5
gcc: '-V' option must have argument
configure:3200: $? = 1
configure:3223: checking for C compiler default output file name
configure:3245: gcc    conftest.c  >&5
configure:3249: $? = 0
configure:3287: result: a.out
configure:3306: checking whether the C compiler works
configure:3316: ./a.out
configure:3320: $? = 0
configure:3339: result: yes
configure:3346: checking whether we are cross compiling
configure:3348: result: no
configure:3351: checking for suffix of executables
configure:3358: gcc -o conftest    conftest.c  >&5
configure:3362: $? = 0
configure:3388: result: 
configure:3394: checking for suffix of object files
configure:3420: gcc -c   conftest.c >&5
configure:3424: $? = 0
configure:3449: result: o
configure:3453: checking whether we are using the GNU C compiler
configure:3482: gcc -c   conftest.c >&5
configure:3489: $? = 0
configure:3506: result: yes
configure:3515: checking whether gcc accepts -g
configure:3545: gcc -c -g  conftest.c >&5
configure:3552: $? = 0
configure:3653: result: yes
configure:3670: checking for gcc option to accept ISO C89
configure:3744: gcc  -c -g -O2  conftest.c >&5
configure:3751: $? = 0
configure:3774: result: none needed
configure:3803: checking for style of include used by make
configure:3831: result: GNU
configure:3856: checking dependency style of gcc
configure:3966: result: gcc3
configure:3995: checking for a BSD-compatible install
configure:4063: result: /usr/bin/install -c
configure:4074: checking whether ln -s works
configure:4078: result: yes
configure:4085: checking whether make sets $(MAKE)
configure:4107: result: yes
configure:4147: checking build system type
configure:4165: result: x86_64-unknown-linux-gnu
configure:4187: checking host system type
configure:4202: result: x86_64-unknown-linux-gnu
configure:4224: checking for a sed that does not truncate output
configure:4290: result: /bin/sed
configure:4308: checking for egrep
configure:4372: result: /bin/grep -E
configure:4377: checking for fgrep
configure:4441: result: /bin/grep -F
configure:4476: checking for ld used by gcc
configure:4543: result: /usr/bin/ld
configure:4552: checking if the linker (/usr/bin/ld) is GNU ld
configure:4567: result: yes
configure:4579: checking for BSD- or MS-compatible name lister (nm)
configure:4628: result: /usr/bin/nm -B
configure:4746: checking the name lister (/usr/bin/nm -B) interface
configure:4753: gcc -c -g -O2  conftest.c >&5
configure:4756: /usr/bin/nm -B "conftest.o"
configure:4759: output
0000000000000000 B some_variable
configure:4766: result: BSD nm
configure:4770: checking the maximum length of command line arguments
configure:4890: result: 1966080
configure:4907: checking whether the shell understands some XSI constructs
configure:4917: result: yes
configure:4921: checking whether the shell understands "+="
configure:4927: result: yes
configure:4962: checking for /usr/bin/ld option to reload object files
configure:4969: result: -r
configure:5038: checking for objdump
configure:5054: found /usr/bin/objdump
configure:5065: result: objdump
configure:5097: checking how to recognize dependent libraries
configure:5293: result: pass_all
configure:5353: checking for ar
configure:5369: found /usr/bin/ar
configure:5380: result: ar
configure:5458: checking for strip
configure:5474: found /usr/bin/strip
configure:5485: result: strip
configure:5557: checking for ranlib
configure:5573: found /usr/bin/ranlib
configure:5584: result: ranlib
configure:5674: checking command to parse /usr/bin/nm -B output from gcc object
configure:5792: gcc -c -g -O2  conftest.c >&5
configure:5795: $? = 0
configure:5799: /usr/bin/nm -B conftest.o \| sed -n -e 's/^.*[	 ]\([ABCDGIRSTW][ABCDGIRSTW]*\)[	 ][	 ]*\([_A-Za-z][_A-Za-z0-9]*\)$/\1 \2 \2/p' \> conftest.nm
configure:5802: $? = 0
configure:5856: gcc -o conftest -g -O2   conftest.c conftstm.o >&5
configure:5859: $? = 0
configure:5897: result: ok
configure:5993: gcc -c -g -O2  conftest.c >&5
configure:5996: $? = 0
configure:6764: checking how to run the C preprocessor
configure:6804: gcc -E  conftest.c
configure:6811: $? = 0
configure:6842: gcc -E  conftest.c
conftest.c:11:28: error: ac_nonexistent.h: No such file or directory
configure:6849: $? = 1
configure: failed program was:
| /* confdefs.h.  */
| #define PACKAGE_NAME "anaconda"
| #define PACKAGE_TARNAME "anaconda"
| #define PACKAGE_VERSION "13.21.229"
| #define PACKAGE_STRING "anaconda 13.21.229"
| #define PACKAGE_BUGREPORT "anaconda-devel-list@redhat.com"
| #define PACKAGE "anaconda"
| #define VERSION "13.21.229"
| #define BUILD_DATE "04102015"
| /* end confdefs.h.  */
| #include <ac_nonexistent.h>
configure:6882: result: gcc -E
configure:6911: gcc -E  conftest.c
configure:6918: $? = 0
configure:6949: gcc -E  conftest.c
conftest.c:11:28: error: ac_nonexistent.h: No such file or directory
configure:6956: $? = 1
configure: failed program was:
| /* confdefs.h.  */
| #define PACKAGE_NAME "anaconda"
| #define PACKAGE_TARNAME "anaconda"
| #define PACKAGE_VERSION "13.21.229"
| #define PACKAGE_STRING "anaconda 13.21.229"
| #define PACKAGE_BUGREPORT "anaconda-devel-list@redhat.com"
| #define PACKAGE "anaconda"
| #define VERSION "13.21.229"
| #define BUILD_DATE "04102015"
| /* end confdefs.h.  */
| #include <ac_nonexistent.h>
configure:6996: checking for ANSI C header files
configure:7026: gcc -c -g -O2  conftest.c >&5
configure:7033: $? = 0
configure:7132: gcc -o conftest -g -O2   conftest.c  >&5
configure:7136: $? = 0
configure:7142: ./conftest
configure:7146: $? = 0
configure:7164: result: yes
configure:7188: checking for sys/types.h
configure:7209: gcc -c -g -O2  conftest.c >&5
configure:7216: $? = 0
configure:7233: result: yes
configure:7188: checking for sys/stat.h
configure:7209: gcc -c -g -O2  conftest.c >&5
configure:7216: $? = 0
configure:7233: result: yes
configure:7188: checking for stdlib.h
configure:7209: gcc -c -g -O2  conftest.c >&5
configure:7216: $? = 0
configure:7233: result: yes
configure:7188: checking for string.h
configure:7209: gcc -c -g -O2  conftest.c >&5
configure:7216: $? = 0
configure:7233: result: yes
configure:7188: checking for memory.h
configure:7209: gcc -c -g -O2  conftest.c >&5
configure:7216: $? = 0
configure:7233: result: yes
configure:7188: checking for strings.h
configure:7209: gcc -c -g -O2  conftest.c >&5
configure:7216: $? = 0
configure:7233: result: yes
configure:7188: checking for inttypes.h
configure:7209: gcc -c -g -O2  conftest.c >&5
configure:7216: $? = 0
configure:7233: result: yes
configure:7188: checking for stdint.h
configure:7209: gcc -c -g -O2  conftest.c >&5
configure:7216: $? = 0
configure:7233: result: yes
configure:7188: checking for unistd.h
configure:7209: gcc -c -g -O2  conftest.c >&5
configure:7216: $? = 0
configure:7233: result: yes
configure:7251: checking for dlfcn.h
configure:7272: gcc -c -g -O2  conftest.c >&5
configure:7279: $? = 0
configure:7296: result: yes
configure:7482: checking for objdir
configure:7497: result: .libs
configure:7793: checking if gcc supports -fno-rtti -fno-exceptions
configure:7811: gcc -c -g -O2  -fno-rtti -fno-exceptions conftest.c >&5
cc1: warning: command line option "-fno-rtti" is valid for C++/ObjC++ but not for C
configure:7815: $? = 0
configure:7828: result: no
configure:7848: checking for gcc option to produce PIC
configure:8120: result: -fPIC -DPIC
configure:8132: checking if gcc PIC flag -fPIC -DPIC works
configure:8150: gcc -c -g -O2  -fPIC -DPIC -DPIC conftest.c >&5
configure:8154: $? = 0
configure:8167: result: yes
configure:8191: checking if gcc static flag -static works
configure:8219: result: no
configure:8234: checking if gcc supports -c -o file.o
configure:8255: gcc -c -g -O2  -o out/conftest2.o conftest.c >&5
configure:8259: $? = 0
configure:8281: result: yes
configure:8289: checking if gcc supports -c -o file.o
configure:8336: result: yes
configure:8369: checking whether the gcc linker (/usr/bin/ld -m elf_x86_64) supports shared libraries
configure:9443: result: yes
configure:9480: checking whether -lc should be explicitly linked in
configure:9485: gcc -c -g -O2  conftest.c >&5
configure:9488: $? = 0
configure:9503: gcc -shared conftest.o  -v -Wl,-soname -Wl,conftest -o conftest 2\>\&1 \| /bin/grep  -lc  \>/dev/null 2\>\&1
configure:9506: $? = 0
configure:9518: result: no
configure:9682: checking dynamic linker characteristics
configure:10125: gcc -o conftest -g -O2   -Wl,-rpath -Wl,/foo conftest.c  >&5
configure:10132: $? = 0
configure:10368: result: GNU/Linux ld.so
configure:10470: checking how to hardcode library paths into programs
configure:10495: result: immediate
configure:11328: checking whether stripping libraries is possible
configure:11333: result: yes
configure:11368: checking if libtool supports shared libraries
configure:11370: result: yes
configure:11373: checking whether to build shared libraries
configure:11394: result: yes
configure:11397: checking whether to build static libraries
configure:11401: result: yes
configure:11438: checking whether NLS is requested
configure:11447: result: yes
configure:11488: checking for msgfmt
configure: trying /usr/bin/msgfmt...
0 translated messages.
configure:11520: result: /usr/bin/msgfmt
configure:11529: checking for gmsgfmt
configure:11560: result: /usr/bin/msgfmt
configure:11611: checking for xgettext
configure: trying /usr/bin/xgettext...
/usr/bin/xgettext: warning: file `/dev/null' extension `' is unknown; will try C
configure:11643: result: /usr/bin/xgettext
configure:11689: checking for msgmerge
configure: trying /usr/bin/msgmerge...
configure:11720: result: /usr/bin/msgmerge
configure:11777: checking for ld used by GCC
configure:11841: result: /usr/bin/ld -m elf_x86_64
configure:11850: checking if the linker (/usr/bin/ld -m elf_x86_64) is GNU ld
configure:11863: result: yes
configure:11870: checking for shared library run path origin
configure:11883: result: done
configure:12384: checking for CFPreferencesCopyAppValue
configure:12412: gcc -o conftest -g -O2   conftest.c  -Wl,-framework -Wl,CoreFoundation >&5
conftest.c:23:42: error: CoreFoundation/CFPreferences.h: No such file or directory
conftest.c: In function 'main':
conftest.c:27: error: 'NULL' undeclared (first use in this function)
conftest.c:27: error: (Each undeclared identifier is reported only once
conftest.c:27: error: for each function it appears in.)
configure:12419: $? = 1
configure: failed program was:
| /* confdefs.h.  */
| #define PACKAGE_NAME "anaconda"
| #define PACKAGE_TARNAME "anaconda"
| #define PACKAGE_VERSION "13.21.229"
| #define PACKAGE_STRING "anaconda 13.21.229"
| #define PACKAGE_BUGREPORT "anaconda-devel-list@redhat.com"
| #define PACKAGE "anaconda"
| #define VERSION "13.21.229"
| #define BUILD_DATE "04102015"
| #define STDC_HEADERS 1
| #define HAVE_SYS_TYPES_H 1
| #define HAVE_SYS_STAT_H 1
| #define HAVE_STDLIB_H 1
| #define HAVE_STRING_H 1
| #define HAVE_MEMORY_H 1
| #define HAVE_STRINGS_H 1
| #define HAVE_INTTYPES_H 1
| #define HAVE_STDINT_H 1
| #define HAVE_UNISTD_H 1
| #define HAVE_DLFCN_H 1
| #define LT_OBJDIR ".libs/"
| /* end confdefs.h.  */
| #include <CoreFoundation/CFPreferences.h>
| int
| main ()
| {
| CFPreferencesCopyAppValue(NULL, NULL)
|   ;
|   return 0;
| }
configure:12440: result: no
configure:12449: checking for CFLocaleCopyCurrent
configure:12477: gcc -o conftest -g -O2   conftest.c  -Wl,-framework -Wl,CoreFoundation >&5
conftest.c:23:37: error: CoreFoundation/CFLocale.h: No such file or directory
configure:12484: $? = 1
configure: failed program was:
| /* confdefs.h.  */
| #define PACKAGE_NAME "anaconda"
| #define PACKAGE_TARNAME "anaconda"
| #define PACKAGE_VERSION "13.21.229"
| #define PACKAGE_STRING "anaconda 13.21.229"
| #define PACKAGE_BUGREPORT "anaconda-devel-list@redhat.com"
| #define PACKAGE "anaconda"
| #define VERSION "13.21.229"
| #define BUILD_DATE "04102015"
| #define STDC_HEADERS 1
| #define HAVE_SYS_TYPES_H 1
| #define HAVE_SYS_STAT_H 1
| #define HAVE_STDLIB_H 1
| #define HAVE_STRING_H 1
| #define HAVE_MEMORY_H 1
| #define HAVE_STRINGS_H 1
| #define HAVE_INTTYPES_H 1
| #define HAVE_STDINT_H 1
| #define HAVE_UNISTD_H 1
| #define HAVE_DLFCN_H 1
| #define LT_OBJDIR ".libs/"
| /* end confdefs.h.  */
| #include <CoreFoundation/CFLocale.h>
| int
| main ()
| {
| CFLocaleCopyCurrent();
|   ;
|   return 0;
| }
configure:12505: result: no
configure:12556: checking for GNU gettext in libc
configure:12586: gcc -o conftest -g -O2   conftest.c  >&5
configure:12593: $? = 0
configure:12615: result: yes
configure:13519: checking whether to use NLS
configure:13521: result: yes
configure:13524: checking where the gettext function comes from
configure:13535: result: libc
configure:13598: checking for XGetWindowAttributes in -lX11
configure:13633: gcc -o conftest -g -O2   conftest.c -lX11   >&5
configure:13640: $? = 0
configure:13661: result: yes
configure:13677: checking for audit_open in -laudit
configure:13712: gcc -o conftest -g -O2   conftest.c -laudit   >&5
configure:13719: $? = 0
configure:13740: result: yes
configure:13756: checking for blkid_get_cache in -lblkid
configure:13791: gcc -o conftest -g -O2   conftest.c -lblkid   >&5
configure:13798: $? = 0
configure:13819: result: yes
configure:13835: checking for mediaCheckFile in -lcheckisomd5
configure:13870: gcc -o conftest -g -O2   conftest.c -lcheckisomd5   >&5
configure:13877: $? = 0
configure:13898: result: yes
configure:13914: checking for ext2fs_initialize in -lext2fs
configure:13949: gcc -o conftest -g -O2   conftest.c -lext2fs   >&5
configure:13956: $? = 0
configure:13977: result: yes
configure:13993: checking for libiscsi_get_firmware_network_config in -liscsi
configure:14028: gcc -o conftest -g -O2   conftest.c -liscsi   >&5
configure:14035: $? = 0
configure:14056: result: yes
configure:14072: checking for newtInit in -lnewt
configure:14107: gcc -o conftest -g -O2   conftest.c -lnewt   >&5
configure:14114: $? = 0
configure:14135: result: yes
configure:14151: checking for SLang_get_int_size in -lslang
configure:14186: gcc -o conftest -g -O2   conftest.c -lslang   >&5
configure:14193: $? = 0
configure:14214: result: yes
configure:14230: checking for zlibVersion in -lz
configure:14265: gcc -o conftest -g -O2   conftest.c -lz   >&5
configure:14272: $? = 0
configure:14293: result: yes
configure:14310: checking for X
configure:14481: gcc -o conftest -g -O2   conftest.c -lX11  >&5
configure:14488: $? = 0
configure:14550: result: libraries , headers 
configure:14556: checking for working alloca.h
configure:14583: gcc -o conftest -g -O2   conftest.c  >&5
configure:14590: $? = 0
configure:14610: result: yes
configure:14620: checking for alloca
configure:14667: gcc -o conftest -g -O2   conftest.c  >&5
configure:14674: $? = 0
configure:14694: result: yes
configure:14939: checking for sys/types.h
configure:14995: result: yes
configure:14939: checking for netinet/in.h
configure:14971: gcc -c -g -O2  conftest.c >&5
configure:14978: $? = 0
configure:14995: result: yes
configure:14939: checking for arpa/nameser.h
configure:14971: gcc -c -g -O2  conftest.c >&5
configure:14978: $? = 0
configure:14995: result: yes
configure:14939: checking for netdb.h
configure:14971: gcc -c -g -O2  conftest.c >&5
configure:14978: $? = 0
configure:14995: result: yes
configure:14939: checking for resolv.h
configure:14971: gcc -c -g -O2  conftest.c >&5
configure:14978: $? = 0
configure:14995: result: yes
configure:15009: checking whether sys/types.h defines makedev
configure:15035: gcc -o conftest -g -O2   conftest.c  >&5
configure:15042: $? = 0
configure:15063: result: yes
configure:15398: checking argz.h usability
configure:15415: gcc -c -g -O2  conftest.c >&5
configure:15422: $? = 0
configure:15436: result: yes
configure:15440: checking argz.h presence
configure:15455: gcc -E  conftest.c
configure:15462: $? = 0
configure:15476: result: yes
configure:15509: checking for argz.h
configure:15518: result: yes
configure:15398: checking arpa/inet.h usability
configure:15415: gcc -c -g -O2  conftest.c >&5
configure:15422: $? = 0
configure:15436: result: yes
configure:15440: checking arpa/inet.h presence
configure:15455: gcc -E  conftest.c
configure:15462: $? = 0
configure:15476: result: yes
configure:15509: checking for arpa/inet.h
configure:15518: result: yes
configure:15398: checking fcntl.h usability
configure:15415: gcc -c -g -O2  conftest.c >&5
configure:15422: $? = 0
configure:15436: result: yes
configure:15440: checking fcntl.h presence
configure:15455: gcc -E  conftest.c
configure:15462: $? = 0
configure:15476: result: yes
configure:15509: checking for fcntl.h
configure:15518: result: yes
configure:15387: checking for inttypes.h
configure:15394: result: yes
configure:15398: checking libintl.h usability
configure:15415: gcc -c -g -O2  conftest.c >&5
configure:15422: $? = 0
configure:15436: result: yes
configure:15440: checking libintl.h presence
configure:15455: gcc -E  conftest.c
configure:15462: $? = 0
configure:15476: result: yes
configure:15509: checking for libintl.h
configure:15518: result: yes
configure:15398: checking limits.h usability
configure:15415: gcc -c -g -O2  conftest.c >&5
configure:15422: $? = 0
configure:15436: result: yes
configure:15440: checking limits.h presence
configure:15455: gcc -E  conftest.c
configure:15462: $? = 0
configure:15476: result: yes
configure:15509: checking for limits.h
configure:15518: result: yes
configure:15398: checking malloc.h usability
configure:15415: gcc -c -g -O2  conftest.c >&5
configure:15422: $? = 0
configure:15436: result: yes
configure:15440: checking malloc.h presence
configure:15455: gcc -E  conftest.c
configure:15462: $? = 0
configure:15476: result: yes
configure:15509: checking for malloc.h
configure:15518: result: yes
configure:15387: checking for netdb.h
configure:15394: result: yes
configure:15387: checking for netinet/in.h
configure:15394: result: yes
configure:15398: checking stddef.h usability
configure:15415: gcc -c -g -O2  conftest.c >&5
configure:15422: $? = 0
configure:15436: result: yes
configure:15440: checking stddef.h presence
configure:15455: gcc -E  conftest.c
configure:15462: $? = 0
configure:15476: result: yes
configure:15509: checking for stddef.h
configure:15518: result: yes
configure:15387: checking for stdint.h
configure:15394: result: yes
configure:15387: checking for stdlib.h
configure:15394: result: yes
configure:15387: checking for string.h
configure:15394: result: yes
configure:15387: checking for strings.h
configure:15394: result: yes
configure:15398: checking sys/ioctl.h usability
configure:15415: gcc -c -g -O2  conftest.c >&5
configure:15422: $? = 0
configure:15436: result: yes
configure:15440: checking sys/ioctl.h presence
configure:15455: gcc -E  conftest.c
configure:15462: $? = 0
configure:15476: result: yes
configure:15509: checking for sys/ioctl.h
configure:15518: result: yes
configure:15398: checking sys/mount.h usability
configure:15415: gcc -c -g -O2  conftest.c >&5
configure:15422: $? = 0
configure:15436: result: yes
configure:15440: checking sys/mount.h presence
configure:15455: gcc -E  conftest.c
configure:15462: $? = 0
configure:15476: result: yes
configure:15509: checking for sys/mount.h
configure:15518: result: yes
configure:15398: checking sys/param.h usability
configure:15415: gcc -c -g -O2  conftest.c >&5
configure:15422: $? = 0
configure:15436: result: yes
configure:15440: checking sys/param.h presence
configure:15455: gcc -E  conftest.c
configure:15462: $? = 0
configure:15476: result: yes
configure:15509: checking for sys/param.h
configure:15518: result: yes
configure:15398: checking sys/socket.h usability
configure:15415: gcc -c -g -O2  conftest.c >&5
configure:15422: $? = 0
configure:15436: result: yes
configure:15440: checking sys/socket.h presence
configure:15455: gcc -E  conftest.c
configure:15462: $? = 0
configure:15476: result: yes
configure:15509: checking for sys/socket.h
configure:15518: result: yes
configure:15398: checking sys/time.h usability
configure:15415: gcc -c -g -O2  conftest.c >&5
configure:15422: $? = 0
configure:15436: result: yes
configure:15440: checking sys/time.h presence
configure:15455: gcc -E  conftest.c
configure:15462: $? = 0
configure:15476: result: yes
configure:15509: checking for sys/time.h
configure:15518: result: yes
configure:15398: checking sys/vfs.h usability
configure:15415: gcc -c -g -O2  conftest.c >&5
configure:15422: $? = 0
configure:15436: result: yes
configure:15440: checking sys/vfs.h presence
configure:15455: gcc -E  conftest.c
configure:15462: $? = 0
configure:15476: result: yes
configure:15509: checking for sys/vfs.h
configure:15518: result: yes
configure:15398: checking syslog.h usability
configure:15415: gcc -c -g -O2  conftest.c >&5
configure:15422: $? = 0
configure:15436: result: yes
configure:15440: checking syslog.h presence
configure:15455: gcc -E  conftest.c
configure:15462: $? = 0
configure:15476: result: yes
configure:15509: checking for syslog.h
configure:15518: result: yes
configure:15398: checking termios.h usability
configure:15415: gcc -c -g -O2  conftest.c >&5
configure:15422: $? = 0
configure:15436: result: yes
configure:15440: checking termios.h presence
configure:15455: gcc -E  conftest.c
configure:15462: $? = 0
configure:15476: result: yes
configure:15509: checking for termios.h
configure:15518: result: yes
configure:15387: checking for unistd.h
configure:15394: result: yes
configure:15398: checking utime.h usability
configure:15415: gcc -c -g -O2  conftest.c >&5
configure:15422: $? = 0
configure:15436: result: yes
configure:15440: checking utime.h presence
configure:15455: gcc -E  conftest.c
configure:15462: $? = 0
configure:15476: result: yes
configure:15509: checking for utime.h
configure:15518: result: yes
configure:15398: checking wchar.h usability
configure:15415: gcc -c -g -O2  conftest.c >&5
configure:15422: $? = 0
configure:15436: result: yes
configure:15440: checking wchar.h presence
configure:15455: gcc -E  conftest.c
configure:15462: $? = 0
configure:15476: result: yes
configure:15509: checking for wchar.h
configure:15518: result: yes
configure:15543: checking for uid_t in sys/types.h
configure:15566: result: yes
configure:15581: checking for inline
configure:15607: gcc -c -g -O2  conftest.c >&5
configure:15614: $? = 0
configure:15632: result: inline
configure:15652: checking for int32_t
configure:15683: gcc -c -g -O2  conftest.c >&5
configure:15690: $? = 0
configure:15719: gcc -c -g -O2  conftest.c >&5
conftest.c: In function 'main':
conftest.c:95: warning: integer overflow in expression
conftest.c:95: error: size of array 'test_array' is negative
configure:15726: $? = 1
configure: failed program was:
| /* confdefs.h.  */
| #define PACKAGE_NAME "anaconda"
| #define PACKAGE_TARNAME "anaconda"
| #define PACKAGE_VERSION "13.21.229"
| #define PACKAGE_STRING "anaconda 13.21.229"
| #define PACKAGE_BUGREPORT "anaconda-devel-list@redhat.com"
| #define PACKAGE "anaconda"
| #define VERSION "13.21.229"
| #define BUILD_DATE "04102015"
| #define STDC_HEADERS 1
| #define HAVE_SYS_TYPES_H 1
| #define HAVE_SYS_STAT_H 1
| #define HAVE_STDLIB_H 1
| #define HAVE_STRING_H 1
| #define HAVE_MEMORY_H 1
| #define HAVE_STRINGS_H 1
| #define HAVE_INTTYPES_H 1
| #define HAVE_STDINT_H 1
| #define HAVE_UNISTD_H 1
| #define HAVE_DLFCN_H 1
| #define LT_OBJDIR ".libs/"
| #define ENABLE_NLS 1
| #define HAVE_GETTEXT 1
| #define HAVE_DCGETTEXT 1
| #define HAVE_ALLOCA_H 1
| #define HAVE_ALLOCA 1
| #define HAVE_SYS_TYPES_H 1
| #define HAVE_NETINET_IN_H 1
| #define HAVE_ARPA_NAMESER_H 1
| #define HAVE_NETDB_H 1
| #define HAVE_RESOLV_H 1
| #define HAVE_ARGZ_H 1
| #define HAVE_ARPA_INET_H 1
| #define HAVE_FCNTL_H 1
| #define HAVE_INTTYPES_H 1
| #define HAVE_LIBINTL_H 1
| #define HAVE_LIMITS_H 1
| #define HAVE_MALLOC_H 1
| #define HAVE_NETDB_H 1
| #define HAVE_NETINET_IN_H 1
| #define HAVE_STDDEF_H 1
| #define HAVE_STDINT_H 1
| #define HAVE_STDLIB_H 1
| #define HAVE_STRING_H 1
| #define HAVE_STRINGS_H 1
| #define HAVE_SYS_IOCTL_H 1
| #define HAVE_SYS_MOUNT_H 1
| #define HAVE_SYS_PARAM_H 1
| #define HAVE_SYS_SOCKET_H 1
| #define HAVE_SYS_TIME_H 1
| #define HAVE_SYS_VFS_H 1
| #define HAVE_SYSLOG_H 1
| #define HAVE_TERMIOS_H 1
| #define HAVE_UNISTD_H 1
| #define HAVE_UTIME_H 1
| #define HAVE_WCHAR_H 1
| /* end confdefs.h.  */
| #include <stdio.h>
| #ifdef HAVE_SYS_TYPES_H
| # include <sys/types.h>
| #endif
| #ifdef HAVE_SYS_STAT_H
| # include <sys/stat.h>
| #endif
| #ifdef STDC_HEADERS
| # include <stdlib.h>
| # include <stddef.h>
| #else
| # ifdef HAVE_STDLIB_H
| #  include <stdlib.h>
| # endif
| #endif
| #ifdef HAVE_STRING_H
| # if !defined STDC_HEADERS && defined HAVE_MEMORY_H
| #  include <memory.h>
| # endif
| # include <string.h>
| #endif
| #ifdef HAVE_STRINGS_H
| # include <strings.h>
| #endif
| #ifdef HAVE_INTTYPES_H
| # include <inttypes.h>
| #endif
| #ifdef HAVE_STDINT_H
| # include <stdint.h>
| #endif
| #ifdef HAVE_UNISTD_H
| # include <unistd.h>
| #endif
| int
| main ()
| {
| static int test_array [1 - 2 * !((int32_t) ((((int32_t) 1 << (32 - 2)) - 1) * 2 + 1)
| 		 < (int32_t) ((((int32_t) 1 << (32 - 2)) - 1) * 2 + 2))];
| test_array [0] = 0
| 
|   ;
|   return 0;
| }
configure:15755: result: yes
configure:15767: checking for mode_t
configure:15795: gcc -c -g -O2  conftest.c >&5
configure:15802: $? = 0
configure:15829: gcc -c -g -O2  conftest.c >&5
conftest.c: In function 'main':
conftest.c:94: error: expected expression before ')' token
configure:15836: $? = 1
configure: failed program was:
| /* confdefs.h.  */
| #define PACKAGE_NAME "anaconda"
| #define PACKAGE_TARNAME "anaconda"
| #define PACKAGE_VERSION "13.21.229"
| #define PACKAGE_STRING "anaconda 13.21.229"
| #define PACKAGE_BUGREPORT "anaconda-devel-list@redhat.com"
| #define PACKAGE "anaconda"
| #define VERSION "13.21.229"
| #define BUILD_DATE "04102015"
| #define STDC_HEADERS 1
| #define HAVE_SYS_TYPES_H 1
| #define HAVE_SYS_STAT_H 1
| #define HAVE_STDLIB_H 1
| #define HAVE_STRING_H 1
| #define HAVE_MEMORY_H 1
| #define HAVE_STRINGS_H 1
| #define HAVE_INTTYPES_H 1
| #define HAVE_STDINT_H 1
| #define HAVE_UNISTD_H 1
| #define HAVE_DLFCN_H 1
| #define LT_OBJDIR ".libs/"
| #define ENABLE_NLS 1
| #define HAVE_GETTEXT 1
| #define HAVE_DCGETTEXT 1
| #define HAVE_ALLOCA_H 1
| #define HAVE_ALLOCA 1
| #define HAVE_SYS_TYPES_H 1
| #define HAVE_NETINET_IN_H 1
| #define HAVE_ARPA_NAMESER_H 1
| #define HAVE_NETDB_H 1
| #define HAVE_RESOLV_H 1
| #define HAVE_ARGZ_H 1
| #define HAVE_ARPA_INET_H 1
| #define HAVE_FCNTL_H 1
| #define HAVE_INTTYPES_H 1
| #define HAVE_LIBINTL_H 1
| #define HAVE_LIMITS_H 1
| #define HAVE_MALLOC_H 1
| #define HAVE_NETDB_H 1
| #define HAVE_NETINET_IN_H 1
| #define HAVE_STDDEF_H 1
| #define HAVE_STDINT_H 1
| #define HAVE_STDLIB_H 1
| #define HAVE_STRING_H 1
| #define HAVE_STRINGS_H 1
| #define HAVE_SYS_IOCTL_H 1
| #define HAVE_SYS_MOUNT_H 1
| #define HAVE_SYS_PARAM_H 1
| #define HAVE_SYS_SOCKET_H 1
| #define HAVE_SYS_TIME_H 1
| #define HAVE_SYS_VFS_H 1
| #define HAVE_SYSLOG_H 1
| #define HAVE_TERMIOS_H 1
| #define HAVE_UNISTD_H 1
| #define HAVE_UTIME_H 1
| #define HAVE_WCHAR_H 1
| /* end confdefs.h.  */
| #include <stdio.h>
| #ifdef HAVE_SYS_TYPES_H
| # include <sys/types.h>
| #endif
| #ifdef HAVE_SYS_STAT_H
| # include <sys/stat.h>
| #endif
| #ifdef STDC_HEADERS
| # include <stdlib.h>
| # include <stddef.h>
| #else
| # ifdef HAVE_STDLIB_H
| #  include <stdlib.h>
| # endif
| #endif
| #ifdef HAVE_STRING_H
| # if !defined STDC_HEADERS && defined HAVE_MEMORY_H
| #  include <memory.h>
| # endif
| # include <string.h>
| #endif
| #ifdef HAVE_STRINGS_H
| # include <strings.h>
| #endif
| #ifdef HAVE_INTTYPES_H
| # include <inttypes.h>
| #endif
| #ifdef HAVE_STDINT_H
| # include <stdint.h>
| #endif
| #ifdef HAVE_UNISTD_H
| # include <unistd.h>
| #endif
| int
| main ()
| {
| if (sizeof ((mode_t)))
| 	  return 0;
|   ;
|   return 0;
| }
configure:15859: result: yes
configure:15871: checking for off_t
configure:15899: gcc -c -g -O2  conftest.c >&5
configure:15906: $? = 0
configure:15933: gcc -c -g -O2  conftest.c >&5
conftest.c: In function 'main':
conftest.c:94: error: expected expression before ')' token
configure:15940: $? = 1
configure: failed program was:
| /* confdefs.h.  */
| #define PACKAGE_NAME "anaconda"
| #define PACKAGE_TARNAME "anaconda"
| #define PACKAGE_VERSION "13.21.229"
| #define PACKAGE_STRING "anaconda 13.21.229"
| #define PACKAGE_BUGREPORT "anaconda-devel-list@redhat.com"
| #define PACKAGE "anaconda"
| #define VERSION "13.21.229"
| #define BUILD_DATE "04102015"
| #define STDC_HEADERS 1
| #define HAVE_SYS_TYPES_H 1
| #define HAVE_SYS_STAT_H 1
| #define HAVE_STDLIB_H 1
| #define HAVE_STRING_H 1
| #define HAVE_MEMORY_H 1
| #define HAVE_STRINGS_H 1
| #define HAVE_INTTYPES_H 1
| #define HAVE_STDINT_H 1
| #define HAVE_UNISTD_H 1
| #define HAVE_DLFCN_H 1
| #define LT_OBJDIR ".libs/"
| #define ENABLE_NLS 1
| #define HAVE_GETTEXT 1
| #define HAVE_DCGETTEXT 1
| #define HAVE_ALLOCA_H 1
| #define HAVE_ALLOCA 1
| #define HAVE_SYS_TYPES_H 1
| #define HAVE_NETINET_IN_H 1
| #define HAVE_ARPA_NAMESER_H 1
| #define HAVE_NETDB_H 1
| #define HAVE_RESOLV_H 1
| #define HAVE_ARGZ_H 1
| #define HAVE_ARPA_INET_H 1
| #define HAVE_FCNTL_H 1
| #define HAVE_INTTYPES_H 1
| #define HAVE_LIBINTL_H 1
| #define HAVE_LIMITS_H 1
| #define HAVE_MALLOC_H 1
| #define HAVE_NETDB_H 1
| #define HAVE_NETINET_IN_H 1
| #define HAVE_STDDEF_H 1
| #define HAVE_STDINT_H 1
| #define HAVE_STDLIB_H 1
| #define HAVE_STRING_H 1
| #define HAVE_STRINGS_H 1
| #define HAVE_SYS_IOCTL_H 1
| #define HAVE_SYS_MOUNT_H 1
| #define HAVE_SYS_PARAM_H 1
| #define HAVE_SYS_SOCKET_H 1
| #define HAVE_SYS_TIME_H 1
| #define HAVE_SYS_VFS_H 1
| #define HAVE_SYSLOG_H 1
| #define HAVE_TERMIOS_H 1
| #define HAVE_UNISTD_H 1
| #define HAVE_UTIME_H 1
| #define HAVE_WCHAR_H 1
| /* end confdefs.h.  */
| #include <stdio.h>
| #ifdef HAVE_SYS_TYPES_H
| # include <sys/types.h>
| #endif
| #ifdef HAVE_SYS_STAT_H
| # include <sys/stat.h>
| #endif
| #ifdef STDC_HEADERS
| # include <stdlib.h>
| # include <stddef.h>
| #else
| # ifdef HAVE_STDLIB_H
| #  include <stdlib.h>
| # endif
| #endif
| #ifdef HAVE_STRING_H
| # if !defined STDC_HEADERS && defined HAVE_MEMORY_H
| #  include <memory.h>
| # endif
| # include <string.h>
| #endif
| #ifdef HAVE_STRINGS_H
| # include <strings.h>
| #endif
| #ifdef HAVE_INTTYPES_H
| # include <inttypes.h>
| #endif
| #ifdef HAVE_STDINT_H
| # include <stdint.h>
| #endif
| #ifdef HAVE_UNISTD_H
| # include <unistd.h>
| #endif
| int
| main ()
| {
| if (sizeof ((off_t)))
| 	  return 0;
|   ;
|   return 0;
| }
configure:15963: result: yes
configure:15975: checking for pid_t
configure:16003: gcc -c -g -O2  conftest.c >&5
configure:16010: $? = 0
configure:16037: gcc -c -g -O2  conftest.c >&5
conftest.c: In function 'main':
conftest.c:94: error: expected expression before ')' token
configure:16044: $? = 1
configure: failed program was:
| /* confdefs.h.  */
| #define PACKAGE_NAME "anaconda"
| #define PACKAGE_TARNAME "anaconda"
| #define PACKAGE_VERSION "13.21.229"
| #define PACKAGE_STRING "anaconda 13.21.229"
| #define PACKAGE_BUGREPORT "anaconda-devel-list@redhat.com"
| #define PACKAGE "anaconda"
| #define VERSION "13.21.229"
| #define BUILD_DATE "04102015"
| #define STDC_HEADERS 1
| #define HAVE_SYS_TYPES_H 1
| #define HAVE_SYS_STAT_H 1
| #define HAVE_STDLIB_H 1
| #define HAVE_STRING_H 1
| #define HAVE_MEMORY_H 1
| #define HAVE_STRINGS_H 1
| #define HAVE_INTTYPES_H 1
| #define HAVE_STDINT_H 1
| #define HAVE_UNISTD_H 1
| #define HAVE_DLFCN_H 1
| #define LT_OBJDIR ".libs/"
| #define ENABLE_NLS 1
| #define HAVE_GETTEXT 1
| #define HAVE_DCGETTEXT 1
| #define HAVE_ALLOCA_H 1
| #define HAVE_ALLOCA 1
| #define HAVE_SYS_TYPES_H 1
| #define HAVE_NETINET_IN_H 1
| #define HAVE_ARPA_NAMESER_H 1
| #define HAVE_NETDB_H 1
| #define HAVE_RESOLV_H 1
| #define HAVE_ARGZ_H 1
| #define HAVE_ARPA_INET_H 1
| #define HAVE_FCNTL_H 1
| #define HAVE_INTTYPES_H 1
| #define HAVE_LIBINTL_H 1
| #define HAVE_LIMITS_H 1
| #define HAVE_MALLOC_H 1
| #define HAVE_NETDB_H 1
| #define HAVE_NETINET_IN_H 1
| #define HAVE_STDDEF_H 1
| #define HAVE_STDINT_H 1
| #define HAVE_STDLIB_H 1
| #define HAVE_STRING_H 1
| #define HAVE_STRINGS_H 1
| #define HAVE_SYS_IOCTL_H 1
| #define HAVE_SYS_MOUNT_H 1
| #define HAVE_SYS_PARAM_H 1
| #define HAVE_SYS_SOCKET_H 1
| #define HAVE_SYS_TIME_H 1
| #define HAVE_SYS_VFS_H 1
| #define HAVE_SYSLOG_H 1
| #define HAVE_TERMIOS_H 1
| #define HAVE_UNISTD_H 1
| #define HAVE_UTIME_H 1
| #define HAVE_WCHAR_H 1
| /* end confdefs.h.  */
| #include <stdio.h>
| #ifdef HAVE_SYS_TYPES_H
| # include <sys/types.h>
| #endif
| #ifdef HAVE_SYS_STAT_H
| # include <sys/stat.h>
| #endif
| #ifdef STDC_HEADERS
| # include <stdlib.h>
| # include <stddef.h>
| #else
| # ifdef HAVE_STDLIB_H
| #  include <stdlib.h>
| # endif
| #endif
| #ifdef HAVE_STRING_H
| # if !defined STDC_HEADERS && defined HAVE_MEMORY_H
| #  include <memory.h>
| # endif
| # include <string.h>
| #endif
| #ifdef HAVE_STRINGS_H
| # include <strings.h>
| #endif
| #ifdef HAVE_INTTYPES_H
| # include <inttypes.h>
| #endif
| #ifdef HAVE_STDINT_H
| # include <stdint.h>
| #endif
| #ifdef HAVE_UNISTD_H
| # include <unistd.h>
| #endif
| int
| main ()
| {
| if (sizeof ((pid_t)))
| 	  return 0;
|   ;
|   return 0;
| }
configure:16067: result: yes
configure:16079: checking for size_t
configure:16107: gcc -c -g -O2  conftest.c >&5
configure:16114: $? = 0
configure:16141: gcc -c -g -O2  conftest.c >&5
conftest.c: In function 'main':
conftest.c:94: error: expected expression before ')' token
configure:16148: $? = 1
configure: failed program was:
| /* confdefs.h.  */
| #define PACKAGE_NAME "anaconda"
| #define PACKAGE_TARNAME "anaconda"
| #define PACKAGE_VERSION "13.21.229"
| #define PACKAGE_STRING "anaconda 13.21.229"
| #define PACKAGE_BUGREPORT "anaconda-devel-list@redhat.com"
| #define PACKAGE "anaconda"
| #define VERSION "13.21.229"
| #define BUILD_DATE "04102015"
| #define STDC_HEADERS 1
| #define HAVE_SYS_TYPES_H 1
| #define HAVE_SYS_STAT_H 1
| #define HAVE_STDLIB_H 1
| #define HAVE_STRING_H 1
| #define HAVE_MEMORY_H 1
| #define HAVE_STRINGS_H 1
| #define HAVE_INTTYPES_H 1
| #define HAVE_STDINT_H 1
| #define HAVE_UNISTD_H 1
| #define HAVE_DLFCN_H 1
| #define LT_OBJDIR ".libs/"
| #define ENABLE_NLS 1
| #define HAVE_GETTEXT 1
| #define HAVE_DCGETTEXT 1
| #define HAVE_ALLOCA_H 1
| #define HAVE_ALLOCA 1
| #define HAVE_SYS_TYPES_H 1
| #define HAVE_NETINET_IN_H 1
| #define HAVE_ARPA_NAMESER_H 1
| #define HAVE_NETDB_H 1
| #define HAVE_RESOLV_H 1
| #define HAVE_ARGZ_H 1
| #define HAVE_ARPA_INET_H 1
| #define HAVE_FCNTL_H 1
| #define HAVE_INTTYPES_H 1
| #define HAVE_LIBINTL_H 1
| #define HAVE_LIMITS_H 1
| #define HAVE_MALLOC_H 1
| #define HAVE_NETDB_H 1
| #define HAVE_NETINET_IN_H 1
| #define HAVE_STDDEF_H 1
| #define HAVE_STDINT_H 1
| #define HAVE_STDLIB_H 1
| #define HAVE_STRING_H 1
| #define HAVE_STRINGS_H 1
| #define HAVE_SYS_IOCTL_H 1
| #define HAVE_SYS_MOUNT_H 1
| #define HAVE_SYS_PARAM_H 1
| #define HAVE_SYS_SOCKET_H 1
| #define HAVE_SYS_TIME_H 1
| #define HAVE_SYS_VFS_H 1
| #define HAVE_SYSLOG_H 1
| #define HAVE_TERMIOS_H 1
| #define HAVE_UNISTD_H 1
| #define HAVE_UTIME_H 1
| #define HAVE_WCHAR_H 1
| /* end confdefs.h.  */
| #include <stdio.h>
| #ifdef HAVE_SYS_TYPES_H
| # include <sys/types.h>
| #endif
| #ifdef HAVE_SYS_STAT_H
| # include <sys/stat.h>
| #endif
| #ifdef STDC_HEADERS
| # include <stdlib.h>
| # include <stddef.h>
| #else
| # ifdef HAVE_STDLIB_H
| #  include <stdlib.h>
| # endif
| #endif
| #ifdef HAVE_STRING_H
| # if !defined STDC_HEADERS && defined HAVE_MEMORY_H
| #  include <memory.h>
| # endif
| # include <string.h>
| #endif
| #ifdef HAVE_STRINGS_H
| # include <strings.h>
| #endif
| #ifdef HAVE_INTTYPES_H
| # include <inttypes.h>
| #endif
| #ifdef HAVE_STDINT_H
| # include <stdint.h>
| #endif
| #ifdef HAVE_UNISTD_H
| # include <unistd.h>
| #endif
| int
| main ()
| {
| if (sizeof ((size_t)))
| 	  return 0;
|   ;
|   return 0;
| }
configure:16171: result: yes
configure:16183: checking for ssize_t
configure:16211: gcc -c -g -O2  conftest.c >&5
configure:16218: $? = 0
configure:16245: gcc -c -g -O2  conftest.c >&5
conftest.c: In function 'main':
conftest.c:94: error: expected expression before ')' token
configure:16252: $? = 1
configure: failed program was:
| /* confdefs.h.  */
| #define PACKAGE_NAME "anaconda"
| #define PACKAGE_TARNAME "anaconda"
| #define PACKAGE_VERSION "13.21.229"
| #define PACKAGE_STRING "anaconda 13.21.229"
| #define PACKAGE_BUGREPORT "anaconda-devel-list@redhat.com"
| #define PACKAGE "anaconda"
| #define VERSION "13.21.229"
| #define BUILD_DATE "04102015"
| #define STDC_HEADERS 1
| #define HAVE_SYS_TYPES_H 1
| #define HAVE_SYS_STAT_H 1
| #define HAVE_STDLIB_H 1
| #define HAVE_STRING_H 1
| #define HAVE_MEMORY_H 1
| #define HAVE_STRINGS_H 1
| #define HAVE_INTTYPES_H 1
| #define HAVE_STDINT_H 1
| #define HAVE_UNISTD_H 1
| #define HAVE_DLFCN_H 1
| #define LT_OBJDIR ".libs/"
| #define ENABLE_NLS 1
| #define HAVE_GETTEXT 1
| #define HAVE_DCGETTEXT 1
| #define HAVE_ALLOCA_H 1
| #define HAVE_ALLOCA 1
| #define HAVE_SYS_TYPES_H 1
| #define HAVE_NETINET_IN_H 1
| #define HAVE_ARPA_NAMESER_H 1
| #define HAVE_NETDB_H 1
| #define HAVE_RESOLV_H 1
| #define HAVE_ARGZ_H 1
| #define HAVE_ARPA_INET_H 1
| #define HAVE_FCNTL_H 1
| #define HAVE_INTTYPES_H 1
| #define HAVE_LIBINTL_H 1
| #define HAVE_LIMITS_H 1
| #define HAVE_MALLOC_H 1
| #define HAVE_NETDB_H 1
| #define HAVE_NETINET_IN_H 1
| #define HAVE_STDDEF_H 1
| #define HAVE_STDINT_H 1
| #define HAVE_STDLIB_H 1
| #define HAVE_STRING_H 1
| #define HAVE_STRINGS_H 1
| #define HAVE_SYS_IOCTL_H 1
| #define HAVE_SYS_MOUNT_H 1
| #define HAVE_SYS_PARAM_H 1
| #define HAVE_SYS_SOCKET_H 1
| #define HAVE_SYS_TIME_H 1
| #define HAVE_SYS_VFS_H 1
| #define HAVE_SYSLOG_H 1
| #define HAVE_TERMIOS_H 1
| #define HAVE_UNISTD_H 1
| #define HAVE_UTIME_H 1
| #define HAVE_WCHAR_H 1
| /* end confdefs.h.  */
| #include <stdio.h>
| #ifdef HAVE_SYS_TYPES_H
| # include <sys/types.h>
| #endif
| #ifdef HAVE_SYS_STAT_H
| # include <sys/stat.h>
| #endif
| #ifdef STDC_HEADERS
| # include <stdlib.h>
| # include <stddef.h>
| #else
| # ifdef HAVE_STDLIB_H
| #  include <stdlib.h>
| # endif
| #endif
| #ifdef HAVE_STRING_H
| # if !defined STDC_HEADERS && defined HAVE_MEMORY_H
| #  include <memory.h>
| # endif
| # include <string.h>
| #endif
| #ifdef HAVE_STRINGS_H
| # include <strings.h>
| #endif
| #ifdef HAVE_INTTYPES_H
| # include <inttypes.h>
| #endif
| #ifdef HAVE_STDINT_H
| # include <stdint.h>
| #endif
| #ifdef HAVE_UNISTD_H
| # include <unistd.h>
| #endif
| int
| main ()
| {
| if (sizeof ((ssize_t)))
| 	  return 0;
|   ;
|   return 0;
| }
configure:16275: result: yes
configure:16287: checking for struct stat.st_rdev
configure:16315: gcc -c -g -O2  conftest.c >&5
configure:16322: $? = 0
configure:16380: result: yes
configure:16392: checking for uint16_t
configure:16423: gcc -c -g -O2  conftest.c >&5
configure:16430: $? = 0
configure:16451: result: yes
configure:16465: checking for uint32_t
configure:16496: gcc -c -g -O2  conftest.c >&5
configure:16503: $? = 0
configure:16524: result: yes
configure:16542: checking for uint64_t
configure:16573: gcc -c -g -O2  conftest.c >&5
configure:16580: $? = 0
configure:16601: result: yes
configure:16619: checking for uint8_t
configure:16650: gcc -c -g -O2  conftest.c >&5
configure:16657: $? = 0
configure:16678: result: yes
configure:16702: checking for unistd.h
configure:16709: result: yes
configure:16848: checking for working chown
configure:16891: gcc -o conftest -g -O2   conftest.c  >&5
configure:16895: $? = 0
configure:16901: ./conftest
configure:16905: $? = 0
configure:16924: result: yes
configure:16934: checking for error_at_line
configure:16960: gcc -o conftest -g -O2   conftest.c  >&5
configure:16967: $? = 0
configure:16987: result: yes
configure:17014: checking vfork.h usability
configure:17031: gcc -c -g -O2  conftest.c >&5
conftest.c:94:19: error: vfork.h: No such file or directory
configure:17038: $? = 1
configure: failed program was:
| /* confdefs.h.  */
| #define PACKAGE_NAME "anaconda"
| #define PACKAGE_TARNAME "anaconda"
| #define PACKAGE_VERSION "13.21.229"
| #define PACKAGE_STRING "anaconda 13.21.229"
| #define PACKAGE_BUGREPORT "anaconda-devel-list@redhat.com"
| #define PACKAGE "anaconda"
| #define VERSION "13.21.229"
| #define BUILD_DATE "04102015"
| #define STDC_HEADERS 1
| #define HAVE_SYS_TYPES_H 1
| #define HAVE_SYS_STAT_H 1
| #define HAVE_STDLIB_H 1
| #define HAVE_STRING_H 1
| #define HAVE_MEMORY_H 1
| #define HAVE_STRINGS_H 1
| #define HAVE_INTTYPES_H 1
| #define HAVE_STDINT_H 1
| #define HAVE_UNISTD_H 1
| #define HAVE_DLFCN_H 1
| #define LT_OBJDIR ".libs/"
| #define ENABLE_NLS 1
| #define HAVE_GETTEXT 1
| #define HAVE_DCGETTEXT 1
| #define HAVE_ALLOCA_H 1
| #define HAVE_ALLOCA 1
| #define HAVE_SYS_TYPES_H 1
| #define HAVE_NETINET_IN_H 1
| #define HAVE_ARPA_NAMESER_H 1
| #define HAVE_NETDB_H 1
| #define HAVE_RESOLV_H 1
| #define HAVE_ARGZ_H 1
| #define HAVE_ARPA_INET_H 1
| #define HAVE_FCNTL_H 1
| #define HAVE_INTTYPES_H 1
| #define HAVE_LIBINTL_H 1
| #define HAVE_LIMITS_H 1
| #define HAVE_MALLOC_H 1
| #define HAVE_NETDB_H 1
| #define HAVE_NETINET_IN_H 1
| #define HAVE_STDDEF_H 1
| #define HAVE_STDINT_H 1
| #define HAVE_STDLIB_H 1
| #define HAVE_STRING_H 1
| #define HAVE_STRINGS_H 1
| #define HAVE_SYS_IOCTL_H 1
| #define HAVE_SYS_MOUNT_H 1
| #define HAVE_SYS_PARAM_H 1
| #define HAVE_SYS_SOCKET_H 1
| #define HAVE_SYS_TIME_H 1
| #define HAVE_SYS_VFS_H 1
| #define HAVE_SYSLOG_H 1
| #define HAVE_TERMIOS_H 1
| #define HAVE_UNISTD_H 1
| #define HAVE_UTIME_H 1
| #define HAVE_WCHAR_H 1
| #define HAVE_STRUCT_STAT_ST_RDEV 1
| #define HAVE_UNISTD_H 1
| #define HAVE_CHOWN 1
| /* end confdefs.h.  */
| #include <stdio.h>
| #ifdef HAVE_SYS_TYPES_H
| # include <sys/types.h>
| #endif
| #ifdef HAVE_SYS_STAT_H
| # include <sys/stat.h>
| #endif
| #ifdef STDC_HEADERS
| # include <stdlib.h>
| # include <stddef.h>
| #else
| # ifdef HAVE_STDLIB_H
| #  include <stdlib.h>
| # endif
| #endif
| #ifdef HAVE_STRING_H
| # if !defined STDC_HEADERS && defined HAVE_MEMORY_H
| #  include <memory.h>
| # endif
| # include <string.h>
| #endif
| #ifdef HAVE_STRINGS_H
| # include <strings.h>
| #endif
| #ifdef HAVE_INTTYPES_H
| # include <inttypes.h>
| #endif
| #ifdef HAVE_STDINT_H
| # include <stdint.h>
| #endif
| #ifdef HAVE_UNISTD_H
| # include <unistd.h>
| #endif
| #include <vfork.h>
configure:17052: result: no
configure:17056: checking vfork.h presence
configure:17071: gcc -E  conftest.c
conftest.c:61:19: error: vfork.h: No such file or directory
configure:17078: $? = 1
configure: failed program was:
| /* confdefs.h.  */
| #define PACKAGE_NAME "anaconda"
| #define PACKAGE_TARNAME "anaconda"
| #define PACKAGE_VERSION "13.21.229"
| #define PACKAGE_STRING "anaconda 13.21.229"
| #define PACKAGE_BUGREPORT "anaconda-devel-list@redhat.com"
| #define PACKAGE "anaconda"
| #define VERSION "13.21.229"
| #define BUILD_DATE "04102015"
| #define STDC_HEADERS 1
| #define HAVE_SYS_TYPES_H 1
| #define HAVE_SYS_STAT_H 1
| #define HAVE_STDLIB_H 1
| #define HAVE_STRING_H 1
| #define HAVE_MEMORY_H 1
| #define HAVE_STRINGS_H 1
| #define HAVE_INTTYPES_H 1
| #define HAVE_STDINT_H 1
| #define HAVE_UNISTD_H 1
| #define HAVE_DLFCN_H 1
| #define LT_OBJDIR ".libs/"
| #define ENABLE_NLS 1
| #define HAVE_GETTEXT 1
| #define HAVE_DCGETTEXT 1
| #define HAVE_ALLOCA_H 1
| #define HAVE_ALLOCA 1
| #define HAVE_SYS_TYPES_H 1
| #define HAVE_NETINET_IN_H 1
| #define HAVE_ARPA_NAMESER_H 1
| #define HAVE_NETDB_H 1
| #define HAVE_RESOLV_H 1
| #define HAVE_ARGZ_H 1
| #define HAVE_ARPA_INET_H 1
| #define HAVE_FCNTL_H 1
| #define HAVE_INTTYPES_H 1
| #define HAVE_LIBINTL_H 1
| #define HAVE_LIMITS_H 1
| #define HAVE_MALLOC_H 1
| #define HAVE_NETDB_H 1
| #define HAVE_NETINET_IN_H 1
| #define HAVE_STDDEF_H 1
| #define HAVE_STDINT_H 1
| #define HAVE_STDLIB_H 1
| #define HAVE_STRING_H 1
| #define HAVE_STRINGS_H 1
| #define HAVE_SYS_IOCTL_H 1
| #define HAVE_SYS_MOUNT_H 1
| #define HAVE_SYS_PARAM_H 1
| #define HAVE_SYS_SOCKET_H 1
| #define HAVE_SYS_TIME_H 1
| #define HAVE_SYS_VFS_H 1
| #define HAVE_SYSLOG_H 1
| #define HAVE_TERMIOS_H 1
| #define HAVE_UNISTD_H 1
| #define HAVE_UTIME_H 1
| #define HAVE_WCHAR_H 1
| #define HAVE_STRUCT_STAT_ST_RDEV 1
| #define HAVE_UNISTD_H 1
| #define HAVE_CHOWN 1
| /* end confdefs.h.  */
| #include <vfork.h>
configure:17092: result: no
configure:17125: checking for vfork.h
configure:17134: result: no
configure:17154: checking for fork
configure:17210: gcc -o conftest -g -O2   conftest.c  >&5
conftest.c:84: warning: conflicting types for built-in function 'fork'
configure:17217: $? = 0
configure:17239: result: yes
configure:17154: checking for vfork
configure:17210: gcc -o conftest -g -O2   conftest.c  >&5
configure:17217: $? = 0
configure:17239: result: yes
configure:17252: checking for working fork
configure:17284: gcc -o conftest -g -O2   conftest.c  >&5
configure:17288: $? = 0
configure:17294: ./conftest
configure:17298: $? = 0
configure:17315: result: yes
configure:17336: checking for working vfork
configure:17477: result: yes
configure:17508: checking whether lstat dereferences a symlink specified with a trailing slash
configure:17544: gcc -o conftest -g -O2   conftest.c  >&5
configure:17548: $? = 0
configure:17554: ./conftest
configure:17558: $? = 0
configure:17582: result: yes
configure:17606: checking for stdlib.h
configure:17613: result: yes
configure:17752: checking for GNU libc compatible malloc
configure:17786: gcc -o conftest -g -O2   conftest.c  >&5
configure:17790: $? = 0
configure:17796: ./conftest
configure:17800: $? = 0
configure:17817: result: yes
configure:17851: checking for stdlib.h
configure:17858: result: yes
configure:17851: checking for unistd.h
configure:17858: result: yes
configure:18001: checking for getpagesize
configure:18057: gcc -o conftest -g -O2   conftest.c  >&5
configure:18064: $? = 0
configure:18086: result: yes
configure:18098: checking for working mmap
configure:18245: gcc -o conftest -g -O2   conftest.c  >&5
configure:18249: $? = 0
configure:18255: ./conftest
configure:18259: $? = 0
configure:18276: result: yes
configure:18292: checking for stdlib.h
configure:18299: result: yes
configure:18438: checking for GNU libc compatible realloc
configure:18472: gcc -o conftest -g -O2   conftest.c  >&5
configure:18476: $? = 0
configure:18482: ./conftest
configure:18486: $? = 0
configure:18503: result: yes
configure:18570: checking for dup2
configure:18626: gcc -o conftest -g -O2   conftest.c  >&5
configure:18633: $? = 0
configure:18655: result: yes
configure:18570: checking for fdatasync
configure:18626: gcc -o conftest -g -O2   conftest.c  >&5
configure:18633: $? = 0
configure:18655: result: yes
configure:18570: checking for ftruncate
configure:18626: gcc -o conftest -g -O2   conftest.c  >&5
configure:18633: $? = 0
configure:18655: result: yes
configure:18570: checking for getcwd
configure:18626: gcc -o conftest -g -O2   conftest.c  >&5
configure:18633: $? = 0
configure:18655: result: yes
configure:18570: checking for gethostbyname
configure:18626: gcc -o conftest -g -O2   conftest.c  >&5
configure:18633: $? = 0
configure:18655: result: yes
configure:18570: checking for gettimeofday
configure:18626: gcc -o conftest -g -O2   conftest.c  >&5
configure:18633: $? = 0
configure:18655: result: yes
configure:18570: checking for lchown
configure:18626: gcc -o conftest -g -O2   conftest.c  >&5
configure:18633: $? = 0
configure:18655: result: yes
configure:18570: checking for memmove
configure:18626: gcc -o conftest -g -O2   conftest.c  >&5
conftest.c:104: warning: conflicting types for built-in function 'memmove'
configure:18633: $? = 0
configure:18655: result: yes
configure:18570: checking for memset
configure:18626: gcc -o conftest -g -O2   conftest.c  >&5
conftest.c:105: warning: conflicting types for built-in function 'memset'
configure:18633: $? = 0
configure:18655: result: yes
configure:18570: checking for mkdir
configure:18626: gcc -o conftest -g -O2   conftest.c  >&5
configure:18633: $? = 0
configure:18655: result: yes
configure:18570: checking for mkfifo
configure:18626: gcc -o conftest -g -O2   conftest.c  >&5
configure:18633: $? = 0
configure:18655: result: yes
configure:18570: checking for munmap
configure:18626: gcc -o conftest -g -O2   conftest.c  >&5
configure:18633: $? = 0
configure:18655: result: yes
configure:18570: checking for realpath
configure:18626: gcc -o conftest -g -O2   conftest.c  >&5
configure:18633: $? = 0
configure:18655: result: yes
configure:18570: checking for select
configure:18626: gcc -o conftest -g -O2   conftest.c  >&5
configure:18633: $? = 0
configure:18655: result: yes
configure:18570: checking for setenv
configure:18626: gcc -o conftest -g -O2   conftest.c  >&5
configure:18633: $? = 0
configure:18655: result: yes
configure:18570: checking for sethostname
configure:18626: gcc -o conftest -g -O2   conftest.c  >&5
configure:18633: $? = 0
configure:18655: result: yes
configure:18570: checking for socket
configure:18626: gcc -o conftest -g -O2   conftest.c  >&5
configure:18633: $? = 0
configure:18655: result: yes
configure:18570: checking for strcasecmp
configure:18626: gcc -o conftest -g -O2   conftest.c  >&5
conftest.c:114: warning: conflicting types for built-in function 'strcasecmp'
configure:18633: $? = 0
configure:18655: result: yes
configure:18570: checking for strchr
configure:18626: gcc -o conftest -g -O2   conftest.c  >&5
conftest.c:115: warning: conflicting types for built-in function 'strchr'
configure:18633: $? = 0
configure:18655: result: yes
configure:18570: checking for strcspn
configure:18626: gcc -o conftest -g -O2   conftest.c  >&5
conftest.c:116: warning: conflicting types for built-in function 'strcspn'
configure:18633: $? = 0
configure:18655: result: yes
configure:18570: checking for strdup
configure:18626: gcc -o conftest -g -O2   conftest.c  >&5
conftest.c:117: warning: conflicting types for built-in function 'strdup'
configure:18633: $? = 0
configure:18655: result: yes
configure:18570: checking for strerror
configure:18626: gcc -o conftest -g -O2   conftest.c  >&5
configure:18633: $? = 0
configure:18655: result: yes
configure:18570: checking for strncasecmp
configure:18626: gcc -o conftest -g -O2   conftest.c  >&5
conftest.c:119: warning: conflicting types for built-in function 'strncasecmp'
configure:18633: $? = 0
configure:18655: result: yes
configure:18570: checking for strndup
configure:18626: gcc -o conftest -g -O2   conftest.c  >&5
conftest.c:120: warning: conflicting types for built-in function 'strndup'
configure:18633: $? = 0
configure:18655: result: yes
configure:18570: checking for strrchr
configure:18626: gcc -o conftest -g -O2   conftest.c  >&5
conftest.c:121: warning: conflicting types for built-in function 'strrchr'
configure:18633: $? = 0
configure:18655: result: yes
configure:18570: checking for strstr
configure:18626: gcc -o conftest -g -O2   conftest.c  >&5
conftest.c:122: warning: conflicting types for built-in function 'strstr'
configure:18633: $? = 0
configure:18655: result: yes
configure:18570: checking for strtol
configure:18626: gcc -o conftest -g -O2   conftest.c  >&5
configure:18633: $? = 0
configure:18655: result: yes
configure:18570: checking for strtoul
configure:18626: gcc -o conftest -g -O2   conftest.c  >&5
configure:18633: $? = 0
configure:18655: result: yes
configure:18570: checking for strverscmp
configure:18626: gcc -o conftest -g -O2   conftest.c  >&5
configure:18633: $? = 0
configure:18655: result: yes
configure:18570: checking for uname
configure:18626: gcc -o conftest -g -O2   conftest.c  >&5
configure:18633: $? = 0
configure:18655: result: yes
configure:18570: checking for utime
configure:18626: gcc -o conftest -g -O2   conftest.c  >&5
configure:18633: $? = 0
configure:18655: result: yes
configure:18570: checking for wcwidth
configure:18626: gcc -o conftest -g -O2   conftest.c  >&5
configure:18633: $? = 0
configure:18655: result: yes
configure:18710: checking for a Python interpreter with version >= 2.5
configure:18727: python -c import sys # split strings by '.' and convert to numeric. Append some zeros # because we need at least 4 digits for the hex conversion. # map returns an iterator in Python 3.0 and a list in 2.x minver = list(map(int, '2.5'.split('.'))) + [0, 0, 0] minverhex = 0 # xrange is not present in Python 3.0 and range returns an iterator for i in list(range(0, 4)): minverhex = (minverhex << 8) + minver[i] sys.exit(sys.hexversion < minverhex)
configure:18730: $? = 0
configure:18737: result: python
configure:18745: checking for python
configure:18763: found /usr/bin/python
configure:18775: result: /usr/bin/python
configure:18795: checking for python version
configure:18802: result: 2.6
configure:18814: checking for python platform
configure:18821: result: linux2
configure:18828: checking for python script directory
configure:18857: result: ${prefix}/lib/python2.6/site-packages
configure:18866: checking for python extension module directory
configure:18895: result: ${exec_prefix}/lib64/python2.6/site-packages
configure:18915: checking for headers required to compile python extensions
configure:18942: gcc -E  -I/usr/include/python2.6 -I/usr/include/python2.6 conftest.c
configure:18949: $? = 0
configure:18954: result: found
configure:18957: checking for python libraries
configure:19005: gcc -o conftest -g -O2  -I/usr/include/python2.6 -I/usr/include/python2.6  conftest.c  -L/usr/lib64 -lm -lpthread -ldl  -lutil -lpython2.6 >&5
configure:19012: $? = 0
configure:19025: result: -L/usr/lib64 -lm -lpthread -ldl  -lutil -lpython2.6
configure:19174: checking for pkg-config
configure:19192: found /usr/bin/pkg-config
configure:19204: result: /usr/bin/pkg-config
configure:19229: checking pkg-config is at least version 0.23
configure:19232: result: yes
configure:19243: checking for X11
configure:19250: $PKG_CONFIG --exists --print-errors "x11 >= 1.3"
configure:19253: $? = 0
configure:19346: result: yes
configure:19352: checking for XCOMPOSITE
configure:19359: $PKG_CONFIG --exists --print-errors "xcomposite >= 0.4.1"
configure:19362: $? = 0
configure:19375: $PKG_CONFIG --exists --print-errors "xcomposite >= 0.4.1"
configure:19378: $? = 0
configure:19455: result: yes
configure:19461: checking for GLIB
configure:19468: $PKG_CONFIG --exists --print-errors "glib-2.0 >= 2.16.1"
configure:19471: $? = 0
configure:19484: $PKG_CONFIG --exists --print-errors "glib-2.0 >= 2.16.1"
configure:19487: $? = 0
configure:19564: result: yes
configure:19570: checking for GTK_X11
configure:19577: $PKG_CONFIG --exists --print-errors "gtk+-x11-2.0 >= 2.16.1"
configure:19580: $? = 0
configure:19593: $PKG_CONFIG --exists --print-errors "gtk+-x11-2.0 >= 2.16.1"
configure:19596: $? = 0
configure:19673: result: yes
configure:19679: checking for GDK
configure:19686: $PKG_CONFIG --exists --print-errors "gdk-2.0 >= 2.16.1"
configure:19689: $? = 0
configure:19702: $PKG_CONFIG --exists --print-errors "gdk-2.0 >= 2.16.1"
configure:19705: $? = 0
configure:19782: result: yes
configure:19788: checking for NETWORKMANAGER
configure:19795: $PKG_CONFIG --exists --print-errors "NetworkManager >= 0.7.1"
configure:19798: $? = 0
configure:19811: $PKG_CONFIG --exists --print-errors "NetworkManager >= 0.7.1"
configure:19814: $? = 0
configure:19891: result: yes
configure:19897: checking for LIBNL
configure:19904: $PKG_CONFIG --exists --print-errors "libnl-1 >= 1.0"
configure:19907: $? = 0
configure:19920: $PKG_CONFIG --exists --print-errors "libnl-1 >= 1.0"
configure:19923: $? = 0
configure:20000: result: yes
configure:20006: checking for LIBNM_GLIB
configure:20013: $PKG_CONFIG --exists --print-errors "libnm-glib >= 0.7.1 libnm-util >= 0.7.1"
configure:20016: $? = 0
configure:20029: $PKG_CONFIG --exists --print-errors "libnm-glib >= 0.7.1 libnm-util >= 0.7.1"
configure:20032: $? = 0
configure:20109: result: yes
configure:20115: checking for DEVMAPPER
configure:20122: $PKG_CONFIG --exists --print-errors "devmapper >= 1.02.17"
configure:20125: $? = 0
configure:20138: $PKG_CONFIG --exists --print-errors "devmapper >= 1.02.17"
configure:20141: $? = 0
configure:20218: result: yes
configure:20224: checking for LIBCURL
configure:20231: $PKG_CONFIG --exists --print-errors "libcurl >= 7.19.5"
configure:20234: $? = 0
configure:20247: $PKG_CONFIG --exists --print-errors "libcurl >= 7.19.5"
configure:20250: $? = 0
configure:20327: result: yes
configure:20333: checking for RPM
configure:20340: $PKG_CONFIG --exists --print-errors "rpm >= 4.8.0"
configure:20343: $? = 0
configure:20356: $PKG_CONFIG --exists --print-errors "rpm >= 4.8.0"
configure:20359: $? = 0
configure:20436: result: yes
configure:20442: checking for LIBARCHIVE
configure:20449: $PKG_CONFIG --exists --print-errors "libarchive >= 2.7.902a"
configure:20452: $? = 0
configure:20465: $PKG_CONFIG --exists --print-errors "libarchive >= 2.7.902a"
configure:20468: $? = 0
configure:20545: result: yes
configure:20567: checking for matchpathcon in -lselinux
configure:20602: gcc -o conftest -g -O2 -O2 -g -pipe -Wp,-D_FORTIFY_SOURCE=2 -fexceptions   conftest.c -lselinux   >&5
configure:20609: $? = 0
configure:20630: result: yes
configure:20650: checking for lsetfilecon in -lselinux
configure:20685: gcc -o conftest -g -O2 -O2 -g -pipe -Wp,-D_FORTIFY_SOURCE=2 -fexceptions   conftest.c -lselinux  -lselinux  >&5
configure:20692: $? = 0
configure:20713: result: yes
configure:21075: creating ./config.status

## ---------------------- ##
## Running config.status. ##
## ---------------------- ##

This file was extended by anaconda config.status 13.21.229, which was
generated by GNU Autoconf 2.63.  Invocation command line was

  CONFIG_FILES    = 
  CONFIG_HEADERS  = 
  CONFIG_LINKS    = 
  CONFIG_COMMANDS = 
  $ ./config.status 

on dengjq.sugon.com

config.status:1214: creating Makefile
config.status:1214: creating bootdisk/Makefile
config.status:1214: creating bootdisk/i386/Makefile
config.status:1214: creating bootdisk/ppc/Makefile
config.status:1214: creating bootdisk/s390x/Makefile
config.status:1214: creating bootdisk/x86_64/Makefile
config.status:1214: creating booty/Makefile
config.status:1214: creating command-stubs/Makefile
config.status:1214: creating docs/Makefile
config.status:1214: creating fonts/Makefile
config.status:1214: creating gptsync/Makefile
config.status:1214: creating icons/Makefile
config.status:1214: creating icons/hicolor/Makefile
config.status:1214: creating icons/hicolor/48x48/Makefile
config.status:1214: creating icons/hicolor/48x48/apps/Makefile
config.status:1214: creating icons/hicolor/32x32/Makefile
config.status:1214: creating icons/hicolor/32x32/apps/Makefile
config.status:1214: creating icons/hicolor/24x24/Makefile
config.status:1214: creating icons/hicolor/24x24/apps/Makefile
config.status:1214: creating icons/hicolor/22x22/Makefile
config.status:1214: creating icons/hicolor/22x22/apps/Makefile
config.status:1214: creating icons/hicolor/16x16/Makefile
config.status:1214: creating icons/hicolor/16x16/apps/Makefile
config.status:1214: creating installclasses/Makefile
config.status:1214: creating isys/Makefile
config.status:1214: creating iw/Makefile
config.status:1214: creating liveinst/Makefile
config.status:1214: creating liveinst/console.apps/Makefile
config.status:1214: creating liveinst/pam.d/Makefile
config.status:1214: creating loader/Makefile
config.status:1214: creating pixmaps/Makefile
config.status:1214: creating po/Makefile.in
config.status:1214: creating scripts/Makefile
config.status:1214: creating storage/Makefile
config.status:1214: creating storage/devicelibs/Makefile
config.status:1214: creating storage/formats/Makefile
config.status:1214: creating tests/Makefile
config.status:1214: creating tests/storage/Makefile
config.status:1214: creating tests/storage/devicelibs/Makefile
config.status:1214: creating tests/regex/Makefile
config.status:1214: creating textw/Makefile
config.status:1214: creating ui/Makefile
config.status:1214: creating utils/Makefile
config.status:1214: creating config.h
config.status:1488: executing depfiles commands
config.status:1488: executing libtool commands
config.status:1488: executing po-directories commands

## ---------------- ##
## Cache variables. ##
## ---------------- ##

ac_cv_build=x86_64-unknown-linux-gnu
ac_cv_c_compiler_gnu=yes
ac_cv_c_inline=inline
ac_cv_c_int32_t=yes
ac_cv_c_uint16_t=yes
ac_cv_c_uint32_t=yes
ac_cv_c_uint64_t=yes
ac_cv_c_uint8_t=yes
ac_cv_env_CC_set=
ac_cv_env_CC_value=
ac_cv_env_CFLAGS_set=
ac_cv_env_CFLAGS_value=
ac_cv_env_CPPFLAGS_set=
ac_cv_env_CPPFLAGS_value=
ac_cv_env_CPP_set=
ac_cv_env_CPP_value=
ac_cv_env_DEVMAPPER_CFLAGS_set=
ac_cv_env_DEVMAPPER_CFLAGS_value=
ac_cv_env_DEVMAPPER_LIBS_set=
ac_cv_env_DEVMAPPER_LIBS_value=
ac_cv_env_GDK_CFLAGS_set=
ac_cv_env_GDK_CFLAGS_value=
ac_cv_env_GDK_LIBS_set=
ac_cv_env_GDK_LIBS_value=
ac_cv_env_GLIB_CFLAGS_set=
ac_cv_env_GLIB_CFLAGS_value=
ac_cv_env_GLIB_LIBS_set=
ac_cv_env_GLIB_LIBS_value=
ac_cv_env_GTK_X11_CFLAGS_set=
ac_cv_env_GTK_X11_CFLAGS_value=
ac_cv_env_GTK_X11_LIBS_set=
ac_cv_env_GTK_X11_LIBS_value=
ac_cv_env_LDFLAGS_set=
ac_cv_env_LDFLAGS_value=
ac_cv_env_LIBARCHIVE_CFLAGS_set=
ac_cv_env_LIBARCHIVE_CFLAGS_value=
ac_cv_env_LIBARCHIVE_LIBS_set=
ac_cv_env_LIBARCHIVE_LIBS_value=
ac_cv_env_LIBCURL_CFLAGS_set=
ac_cv_env_LIBCURL_CFLAGS_value=
ac_cv_env_LIBCURL_LIBS_set=
ac_cv_env_LIBCURL_LIBS_value=
ac_cv_env_LIBNL_CFLAGS_set=
ac_cv_env_LIBNL_CFLAGS_value=
ac_cv_env_LIBNL_LIBS_set=
ac_cv_env_LIBNL_LIBS_value=
ac_cv_env_LIBNM_GLIB_CFLAGS_set=
ac_cv_env_LIBNM_GLIB_CFLAGS_value=
ac_cv_env_LIBNM_GLIB_LIBS_set=
ac_cv_env_LIBNM_GLIB_LIBS_value=
ac_cv_env_LIBS_set=
ac_cv_env_LIBS_value=
ac_cv_env_NETWORKMANAGER_CFLAGS_set=
ac_cv_env_NETWORKMANAGER_CFLAGS_value=
ac_cv_env_NETWORKMANAGER_LIBS_set=
ac_cv_env_NETWORKMANAGER_LIBS_value=
ac_cv_env_PKG_CONFIG_set=
ac_cv_env_PKG_CONFIG_value=
ac_cv_env_RPM_CFLAGS_set=
ac_cv_env_RPM_CFLAGS_value=
ac_cv_env_RPM_LIBS_set=
ac_cv_env_RPM_LIBS_value=
ac_cv_env_X11_CFLAGS_set=
ac_cv_env_X11_CFLAGS_value=
ac_cv_env_X11_LIBS_set=
ac_cv_env_X11_LIBS_value=
ac_cv_env_XCOMPOSITE_CFLAGS_set=
ac_cv_env_XCOMPOSITE_CFLAGS_value=
ac_cv_env_XCOMPOSITE_LIBS_set=
ac_cv_env_XCOMPOSITE_LIBS_value=
ac_cv_env_XMKMF_set=
ac_cv_env_XMKMF_value=
ac_cv_env_build_alias_set=
ac_cv_env_build_alias_value=
ac_cv_env_host_alias_set=
ac_cv_env_host_alias_value=
ac_cv_env_target_alias_set=
ac_cv_env_target_alias_value=
ac_cv_func_alloca_works=yes
ac_cv_func_chown_works=yes
ac_cv_func_dup2=yes
ac_cv_func_fdatasync=yes
ac_cv_func_fork=yes
ac_cv_func_fork_works=yes
ac_cv_func_ftruncate=yes
ac_cv_func_getcwd=yes
ac_cv_func_gethostbyname=yes
ac_cv_func_getpagesize=yes
ac_cv_func_gettimeofday=yes
ac_cv_func_lchown=yes
ac_cv_func_lstat_dereferences_slashed_symlink=yes
ac_cv_func_malloc_0_nonnull=yes
ac_cv_func_memmove=yes
ac_cv_func_memset=yes
ac_cv_func_mkdir=yes
ac_cv_func_mkfifo=yes
ac_cv_func_mmap_fixed_mapped=yes
ac_cv_func_munmap=yes
ac_cv_func_realloc_0_nonnull=yes
ac_cv_func_realpath=yes
ac_cv_func_select=yes
ac_cv_func_setenv=yes
ac_cv_func_sethostname=yes
ac_cv_func_socket=yes
ac_cv_func_strcasecmp=yes
ac_cv_func_strchr=yes
ac_cv_func_strcspn=yes
ac_cv_func_strdup=yes
ac_cv_func_strerror=yes
ac_cv_func_strncasecmp=yes
ac_cv_func_strndup=yes
ac_cv_func_strrchr=yes
ac_cv_func_strstr=yes
ac_cv_func_strtol=yes
ac_cv_func_strtoul=yes
ac_cv_func_strverscmp=yes
ac_cv_func_uname=yes
ac_cv_func_utime=yes
ac_cv_func_vfork=yes
ac_cv_func_vfork_works=yes
ac_cv_func_wcwidth=yes
ac_cv_have_x='have_x=yes	ac_x_includes='\'''\''	ac_x_libraries='\'''\'''
ac_cv_header_argz_h=yes
ac_cv_header_arpa_inet_h=yes
ac_cv_header_arpa_nameser_h=yes
ac_cv_header_dlfcn_h=yes
ac_cv_header_fcntl_h=yes
ac_cv_header_inttypes_h=yes
ac_cv_header_libintl_h=yes
ac_cv_header_limits_h=yes
ac_cv_header_malloc_h=yes
ac_cv_header_memory_h=yes
ac_cv_header_netdb_h=yes
ac_cv_header_netinet_in_h=yes
ac_cv_header_resolv_h=yes
ac_cv_header_stdc=yes
ac_cv_header_stddef_h=yes
ac_cv_header_stdint_h=yes
ac_cv_header_stdlib_h=yes
ac_cv_header_string_h=yes
ac_cv_header_strings_h=yes
ac_cv_header_sys_ioctl_h=yes
ac_cv_header_sys_mount_h=yes
ac_cv_header_sys_param_h=yes
ac_cv_header_sys_socket_h=yes
ac_cv_header_sys_stat_h=yes
ac_cv_header_sys_time_h=yes
ac_cv_header_sys_types_h=yes
ac_cv_header_sys_types_h_makedev=yes
ac_cv_header_sys_vfs_h=yes
ac_cv_header_syslog_h=yes
ac_cv_header_termios_h=yes
ac_cv_header_unistd_h=yes
ac_cv_header_utime_h=yes
ac_cv_header_vfork_h=no
ac_cv_header_wchar_h=yes
ac_cv_host=x86_64-unknown-linux-gnu
ac_cv_lib_X11_XGetWindowAttributes=yes
ac_cv_lib_audit_audit_open=yes
ac_cv_lib_blkid_blkid_get_cache=yes
ac_cv_lib_checkisomd5_mediaCheckFile=yes
ac_cv_lib_error_at_line=yes
ac_cv_lib_ext2fs_ext2fs_initialize=yes
ac_cv_lib_iscsi_libiscsi_get_firmware_network_config=yes
ac_cv_lib_newt_newtInit=yes
ac_cv_lib_selinux_lsetfilecon=yes
ac_cv_lib_selinux_matchpathcon=yes
ac_cv_lib_slang_SLang_get_int_size=yes
ac_cv_lib_z_zlibVersion=yes
ac_cv_member_struct_stat_st_rdev=yes
ac_cv_objext=o
ac_cv_path_EGREP='/bin/grep -E'
ac_cv_path_FGREP='/bin/grep -F'
ac_cv_path_GMSGFMT=/usr/bin/msgfmt
ac_cv_path_GREP=/bin/grep
ac_cv_path_MSGFMT=/usr/bin/msgfmt
ac_cv_path_MSGMERGE=/usr/bin/msgmerge
ac_cv_path_PYTHON=/usr/bin/python
ac_cv_path_SED=/bin/sed
ac_cv_path_XGETTEXT=/usr/bin/xgettext
ac_cv_path_ac_pt_PKG_CONFIG=/usr/bin/pkg-config
ac_cv_path_install='/usr/bin/install -c'
ac_cv_path_mkdir=/bin/mkdir
ac_cv_prog_AWK=gawk
ac_cv_prog_CPP='gcc -E'
ac_cv_prog_ac_ct_AR=ar
ac_cv_prog_ac_ct_CC=gcc
ac_cv_prog_ac_ct_OBJDUMP=objdump
ac_cv_prog_ac_ct_RANLIB=ranlib
ac_cv_prog_ac_ct_STRIP=strip
ac_cv_prog_cc_c89=
ac_cv_prog_cc_g=yes
ac_cv_prog_make_make_set=yes
ac_cv_type_mode_t=yes
ac_cv_type_off_t=yes
ac_cv_type_pid_t=yes
ac_cv_type_size_t=yes
ac_cv_type_ssize_t=yes
ac_cv_type_uid_t=yes
ac_cv_working_alloca_h=yes
acl_cv_hardcode_direct=no
acl_cv_hardcode_libdir_flag_spec='${wl}-rpath ${wl}$libdir'
acl_cv_hardcode_libdir_separator=
acl_cv_hardcode_minus_L=no
acl_cv_libext=a
acl_cv_libname_spec='lib$name'
acl_cv_library_names_spec='$libname$shrext'
acl_cv_path_LD='/usr/bin/ld -m elf_x86_64'
acl_cv_prog_gnu_ld=yes
acl_cv_rpath=done
acl_cv_shlibext=so
acl_cv_wl=-Wl,
am_cv_CC_dependencies_compiler_type=gcc3
am_cv_pathless_PYTHON=python
am_cv_python_platform=linux2
am_cv_python_pyexecdir='${exec_prefix}/lib64/python2.6/site-packages'
am_cv_python_pythondir='${prefix}/lib/python2.6/site-packages'
am_cv_python_version=2.6
gt_cv_func_CFLocaleCopyCurrent=no
gt_cv_func_CFPreferencesCopyAppValue=no
gt_cv_func_gnugettext1_libc=yes
lt_cv_deplibs_check_method=pass_all
lt_cv_file_magic_cmd='$MAGIC_CMD'
lt_cv_file_magic_test_file=
lt_cv_ld_reload_flag=-r
lt_cv_nm_interface='BSD nm'
lt_cv_objdir=.libs
lt_cv_path_LD=/usr/bin/ld
lt_cv_path_NM='/usr/bin/nm -B'
lt_cv_prog_compiler_c_o=yes
lt_cv_prog_compiler_pic_works=yes
lt_cv_prog_compiler_rtti_exceptions=no
lt_cv_prog_compiler_static_works=no
lt_cv_prog_gnu_ld=yes
lt_cv_sys_global_symbol_pipe='sed -n -e '\''s/^.*[	 ]\([ABCDGIRSTW][ABCDGIRSTW]*\)[	 ][	 ]*\([_A-Za-z][_A-Za-z0-9]*\)$/\1 \2 \2/p'\'''
lt_cv_sys_global_symbol_to_c_name_address='sed -n -e '\''s/^: \([^ ]*\) $/  {\"\1\", (void *) 0},/p'\'' -e '\''s/^[ABCDGIRSTW]* \([^ ]*\) \([^ ]*\)$/  {"\2", (void *) \&\2},/p'\'''
lt_cv_sys_global_symbol_to_c_name_address_lib_prefix='sed -n -e '\''s/^: \([^ ]*\) $/  {\"\1\", (void *) 0},/p'\'' -e '\''s/^[ABCDGIRSTW]* \([^ ]*\) \(lib[^ ]*\)$/  {"\2", (void *) \&\2},/p'\'' -e '\''s/^[ABCDGIRSTW]* \([^ ]*\) \([^ ]*\)$/  {"lib\2", (void *) \&\2},/p'\'''
lt_cv_sys_global_symbol_to_cdecl='sed -n -e '\''s/^T .* \(.*\)$/extern int \1();/p'\'' -e '\''s/^[ABCDGIRSTW]* .* \(.*\)$/extern char \1;/p'\'''
lt_cv_sys_max_cmd_len=1966080
pkg_cv_DEVMAPPER_CFLAGS=' '
pkg_cv_DEVMAPPER_LIBS='-L/lib64 -ldevmapper  '
pkg_cv_GDK_CFLAGS='-pthread -I/usr/include/gtk-2.0 -I/usr/lib64/gtk-2.0/include -I/usr/include/pango-1.0 -I/usr/include/gdk-pixbuf-2.0 -I/usr/include/glib-2.0 -I/usr/lib64/glib-2.0/include -I/usr/include/cairo -I/usr/include/pixman-1 -I/usr/include/freetype2 -I/usr/include/libpng12  '
pkg_cv_GDK_LIBS='-pthread -lgdk-x11-2.0 -lpangocairo-1.0 -lgdk_pixbuf-2.0 -lpango-1.0 -lcairo -lgmodule-2.0 -lgobject-2.0 -lgthread-2.0 -lrt -lglib-2.0  '
pkg_cv_GLIB_CFLAGS='-I/usr/include/glib-2.0 -I/usr/lib64/glib-2.0/include  '
pkg_cv_GLIB_LIBS='-lglib-2.0  '
pkg_cv_GTK_X11_CFLAGS='-pthread -I/usr/include/gtk-2.0 -I/usr/lib64/gtk-2.0/include -I/usr/include/atk-1.0 -I/usr/include/cairo -I/usr/include/gdk-pixbuf-2.0 -I/usr/include/pango-1.0 -I/usr/include/glib-2.0 -I/usr/lib64/glib-2.0/include -I/usr/include/pixman-1 -I/usr/include/freetype2 -I/usr/include/libpng12  '
pkg_cv_GTK_X11_LIBS='-pthread -lgtk-x11-2.0 -lgdk-x11-2.0 -latk-1.0 -lgio-2.0 -lpangoft2-1.0 -lpangocairo-1.0 -lgdk_pixbuf-2.0 -lcairo -lpango-1.0 -lfreetype -lfontconfig -lgobject-2.0 -lgmodule-2.0 -lgthread-2.0 -lrt -lglib-2.0  '
pkg_cv_LIBARCHIVE_CFLAGS=' '
pkg_cv_LIBARCHIVE_LIBS='-larchive  '
pkg_cv_LIBCURL_CFLAGS=' '
pkg_cv_LIBCURL_LIBS='-lcurl  '
pkg_cv_LIBNL_CFLAGS=' '
pkg_cv_LIBNL_LIBS='-lnl  '
pkg_cv_LIBNM_GLIB_CFLAGS='-pthread -I/usr/include/libnm-glib -I/usr/include/NetworkManager -I/usr/include/glib-2.0 -I/usr/lib64/glib-2.0/include -I/usr/include/dbus-1.0 -I/usr/lib64/dbus-1.0/include  '
pkg_cv_LIBNM_GLIB_LIBS='-pthread -L/lib64 -lnm-glib -lnm-util -ldbus-glib-1 -ldbus-1 -lpthread -lgobject-2.0 -lgthread-2.0 -lrt -lglib-2.0  '
pkg_cv_NETWORKMANAGER_CFLAGS='-I/usr/include/NetworkManager  '
pkg_cv_NETWORKMANAGER_LIBS=' '
pkg_cv_RPM_CFLAGS=' '
pkg_cv_RPM_LIBS='-lrpm -lrpmio  '
pkg_cv_X11_CFLAGS=' '
pkg_cv_X11_LIBS=-lX11
pkg_cv_XCOMPOSITE_CFLAGS=' '
pkg_cv_XCOMPOSITE_LIBS='-lXcomposite  '

## ----------------- ##
## Output variables. ##
## ----------------- ##

ACLOCAL='${SHELL} /home/dengjq/software/anaconda-sugon/missing --run aclocal-1.11'
ALLOCA=''
AMDEPBACKSLASH='\'
AMDEP_FALSE='#'
AMDEP_TRUE=''
AMTAR='${SHELL} /home/dengjq/software/anaconda-sugon/missing --run tar'
AM_BACKSLASH='\'
AM_DEFAULT_VERBOSITY='0'
AR='ar'
ARCH='x86_64'
AUDIT_LIBS='-laudit'
AUTOCONF='${SHELL} /home/dengjq/software/anaconda-sugon/missing --run autoconf'
AUTOHEADER='${SHELL} /home/dengjq/software/anaconda-sugon/missing --run autoheader'
AUTOMAKE='${SHELL} /home/dengjq/software/anaconda-sugon/missing --run automake-1.11'
AWK='gawk'
BLKID_LIBS='-lblkid'
CC='gcc'
CCDEPMODE='depmode=gcc3'
CFLAGS='-g -O2 -pipe -Wp,-D_FORTIFY_SOURCE=2 -fexceptions -Wall -Werror -D_GNU_SOURCE -D_FILE_OFFSET_BITS=64 -D_LARGEFILE_SOURCE'
CHECKISOMD5_LIBS='-lcheckisomd5'
CPP='gcc -E'
CPPFLAGS=''
CYGPATH_W='echo'
DEFS='-DHAVE_CONFIG_H'
DEPDIR='.deps'
DEVMAPPER_CFLAGS=' '
DEVMAPPER_LIBS='-L/lib64 -ldevmapper  '
DSYMUTIL=''
DUMPBIN=''
ECHO_C=''
ECHO_N='-n'
ECHO_T=''
EGREP='/bin/grep -E'
EXEEXT=''
EXT2FS_LIBS='-lext2fs'
FGREP='/bin/grep -F'
GDK_CFLAGS='-pthread -I/usr/include/gtk-2.0 -I/usr/lib64/gtk-2.0/include -I/usr/include/pango-1.0 -I/usr/include/gdk-pixbuf-2.0 -I/usr/include/glib-2.0 -I/usr/lib64/glib-2.0/include -I/usr/include/cairo -I/usr/include/pixman-1 -I/usr/include/freetype2 -I/usr/include/libpng12  '
GDK_LIBS='-pthread -lgdk-x11-2.0 -lpangocairo-1.0 -lgdk_pixbuf-2.0 -lpango-1.0 -lcairo -lgmodule-2.0 -lgobject-2.0 -lgthread-2.0 -lrt -lglib-2.0  '
GETTEXT_MACRO_VERSION='0.17'
GLIB_CFLAGS='-I/usr/include/glib-2.0 -I/usr/lib64/glib-2.0/include  '
GLIB_LIBS='-lglib-2.0  '
GMSGFMT='/usr/bin/msgfmt'
GMSGFMT_015='/usr/bin/msgfmt'
GREP='/bin/grep'
GTK_X11_CFLAGS='-pthread -I/usr/include/gtk-2.0 -I/usr/lib64/gtk-2.0/include -I/usr/include/atk-1.0 -I/usr/include/cairo -I/usr/include/gdk-pixbuf-2.0 -I/usr/include/pango-1.0 -I/usr/include/glib-2.0 -I/usr/lib64/glib-2.0/include -I/usr/include/pixman-1 -I/usr/include/freetype2 -I/usr/include/libpng12  '
GTK_X11_LIBS='-pthread -lgtk-x11-2.0 -lgdk-x11-2.0 -latk-1.0 -lgio-2.0 -lpangoft2-1.0 -lpangocairo-1.0 -lgdk_pixbuf-2.0 -lcairo -lpango-1.0 -lfreetype -lfontconfig -lgobject-2.0 -lgmodule-2.0 -lgthread-2.0 -lrt -lglib-2.0  '
INSTALL_DATA='${INSTALL} -m 644'
INSTALL_PROGRAM='${INSTALL}'
INSTALL_SCRIPT='${INSTALL}'
INSTALL_STRIP_PROGRAM='$(install_sh) -c -s'
INTLLIBS=''
INTL_MACOSX_LIBS=''
IPV6_CFLAGS='-DENABLE_IPV6'
ISCSI_LIBS='-liscsi'
IS_FONT_ARCH_FALSE='#'
IS_FONT_ARCH_TRUE=''
IS_GPTSYNC_ARCH_FALSE='#'
IS_GPTSYNC_ARCH_TRUE=''
IS_I386_FALSE=''
IS_I386_TRUE='#'
IS_KEYMAPS_OVERRIDE_ARCH_FALSE='#'
IS_KEYMAPS_OVERRIDE_ARCH_TRUE=''
IS_LIVEINST_ARCH_FALSE='#'
IS_LIVEINST_ARCH_TRUE=''
IS_PPC_FALSE=''
IS_PPC_TRUE='#'
IS_S390_FALSE=''
IS_S390_TRUE='#'
IS_SPARC_FALSE=''
IS_SPARC_TRUE='#'
IS_X86_64_FALSE='#'
IS_X86_64_TRUE=''
LD='/usr/bin/ld -m elf_x86_64'
LDFLAGS=''
LIBARCHIVE_CFLAGS=' '
LIBARCHIVE_LIBS='-larchive  '
LIBCURL_CFLAGS=' '
LIBCURL_LIBS='-lcurl  '
LIBICONV='-liconv'
LIBINTL=''
LIBNL_CFLAGS=' '
LIBNL_LIBS='-lnl  '
LIBNM_GLIB_CFLAGS='-pthread -I/usr/include/libnm-glib -I/usr/include/NetworkManager -I/usr/include/glib-2.0 -I/usr/lib64/glib-2.0/include -I/usr/include/dbus-1.0 -I/usr/lib64/dbus-1.0/include  '
LIBNM_GLIB_LIBS='-pthread -L/lib64 -lnm-glib -lnm-util -ldbus-glib-1 -ldbus-1 -lpthread -lgobject-2.0 -lgthread-2.0 -lrt -lglib-2.0  '
LIBOBJS=''
LIBS=''
LIBTOOL='$(SHELL) $(top_builddir)/libtool'
LIPO=''
LN_S='ln -s'
LTLIBICONV='-liconv'
LTLIBINTL=''
LTLIBOBJS=''
MAKEINFO='${SHELL} /home/dengjq/software/anaconda-sugon/missing --run makeinfo'
MKDIR_P='/bin/mkdir -p'
MSGFMT='/usr/bin/msgfmt'
MSGFMT_015='/usr/bin/msgfmt'
MSGMERGE='/usr/bin/msgmerge'
NETWORKMANAGER_CFLAGS='-I/usr/include/NetworkManager  '
NETWORKMANAGER_LIBS=' '
NEWT_LIBS='-lnewt'
NFS_CFLAGS='-DHAVE_NFS'
NM='/usr/bin/nm -B'
NMEDIT=''
OBJDUMP='objdump'
OBJEXT='o'
OTOOL64=''
OTOOL=''
PACKAGE='anaconda'
PACKAGE_BUGREPORT='anaconda-devel-list@redhat.com'
PACKAGE_NAME='anaconda'
PACKAGE_RELEASE='1'
PACKAGE_STRING='anaconda 13.21.229'
PACKAGE_TARNAME='anaconda'
PACKAGE_VERSION='13.21.229'
PATH_SEPARATOR=':'
PKG_CONFIG='/usr/bin/pkg-config'
POSUB='po'
PYTHON='/usr/bin/python'
PYTHON_EMBED_LIBS='-L/usr/lib64 -lm -lpthread -ldl  -lutil -lpython2.6'
PYTHON_EXEC_PREFIX='${exec_prefix}'
PYTHON_INCLUDES='-I/usr/include/python2.6 -I/usr/include/python2.6'
PYTHON_LDFLAGS=''
PYTHON_LIBS=''
PYTHON_PLATFORM='linux2'
PYTHON_PREFIX='${prefix}'
PYTHON_VERSION='2.6'
RANLIB='ranlib'
RPM_CFLAGS=' '
RPM_LIBS='-lrpm -lrpmio  '
SED='/bin/sed'
SELINUX_CFLAGS='-DUSESELINUX=1'
SELINUX_LIBS='-lselinux -laudit'
SET_MAKE=''
SHELL='/bin/sh'
SLANG_LIBS='-lslang'
STRIP='strip'
USE_NLS='yes'
VERSION='13.21.229'
X11_CFLAGS=' '
X11_LIBS='-lX11'
XCOMPOSITE_CFLAGS=' '
XCOMPOSITE_LIBS='-lXcomposite  '
XGETTEXT='/usr/bin/xgettext'
XGETTEXT_015='/usr/bin/xgettext'
XGETTEXT_EXTRA_OPTIONS=''
XMKMF=''
ZLIB_LIBS='-lz'
ac_ct_CC='gcc'
ac_ct_DUMPBIN=''
am__EXEEXT_FALSE=''
am__EXEEXT_TRUE='#'
am__fastdepCC_FALSE='#'
am__fastdepCC_TRUE=''
am__include='include'
am__isrc=''
am__leading_dot='.'
am__quote=''
am__tar='${AMTAR} chof - "$$tardir"'
am__untar='${AMTAR} xf -'
bindir='${exec_prefix}/bin'
build='x86_64-unknown-linux-gnu'
build_alias=''
build_cpu='x86_64'
build_os='linux-gnu'
build_vendor='unknown'
datadir='${datarootdir}'
datarootdir='${prefix}/share'
docdir='${datarootdir}/doc/${PACKAGE_TARNAME}'
dvidir='${docdir}'
exec_prefix='${prefix}'
host='x86_64-unknown-linux-gnu'
host_alias=''
host_cpu='x86_64'
host_os='linux-gnu'
host_vendor='unknown'
htmldir='${docdir}'
includedir='${prefix}/include'
infodir='${datarootdir}/info'
install_sh='${SHELL} /home/dengjq/software/anaconda-sugon/install-sh'
libdir='${exec_prefix}/lib'
libexecdir='${exec_prefix}/libexec'
localedir='${datarootdir}/locale'
localstatedir='${prefix}/var'
lt_ECHO='echo'
mandir='${datarootdir}/man'
mkdir_p='/bin/mkdir -p'
oldincludedir='/usr/include'
pdfdir='${docdir}'
pkgpyexecdir='${pyexecdir}/anaconda'
pkgpythondir='${pythondir}/anaconda'
prefix='/usr/local/anaconda'
program_transform_name='s,x,x,'
psdir='${docdir}'
pyexecdir='${exec_prefix}/lib64/python2.6/site-packages'
pythondir='${prefix}/lib/python2.6/site-packages'
sbindir='${exec_prefix}/sbin'
sharedstatedir='${prefix}/com'
sysconfdir='${prefix}/etc'
target_alias=''

## ----------- ##
## confdefs.h. ##
## ----------- ##

#define PACKAGE_NAME "anaconda"
#define PACKAGE_TARNAME "anaconda"
#define PACKAGE_VERSION "13.21.229"
#define PACKAGE_STRING "anaconda 13.21.229"
#define PACKAGE_BUGREPORT "anaconda-devel-list@redhat.com"
#define PACKAGE "anaconda"
#define VERSION "13.21.229"
#define BUILD_DATE "04102015"
#define STDC_HEADERS 1
#define HAVE_SYS_TYPES_H 1
#define HAVE_SYS_STAT_H 1
#define HAVE_STDLIB_H 1
#define HAVE_STRING_H 1
#define HAVE_MEMORY_H 1
#define HAVE_STRINGS_H 1
#define HAVE_INTTYPES_H 1
#define HAVE_STDINT_H 1
#define HAVE_UNISTD_H 1
#define HAVE_DLFCN_H 1
#define LT_OBJDIR ".libs/"
#define ENABLE_NLS 1
#define HAVE_GETTEXT 1
#define HAVE_DCGETTEXT 1
#define HAVE_ALLOCA_H 1
#define HAVE_ALLOCA 1
#define HAVE_SYS_TYPES_H 1
#define HAVE_NETINET_IN_H 1
#define HAVE_ARPA_NAMESER_H 1
#define HAVE_NETDB_H 1
#define HAVE_RESOLV_H 1
#define HAVE_ARGZ_H 1
#define HAVE_ARPA_INET_H 1
#define HAVE_FCNTL_H 1
#define HAVE_INTTYPES_H 1
#define HAVE_LIBINTL_H 1
#define HAVE_LIMITS_H 1
#define HAVE_MALLOC_H 1
#define HAVE_NETDB_H 1
#define HAVE_NETINET_IN_H 1
#define HAVE_STDDEF_H 1
#define HAVE_STDINT_H 1
#define HAVE_STDLIB_H 1
#define HAVE_STRING_H 1
#define HAVE_STRINGS_H 1
#define HAVE_SYS_IOCTL_H 1
#define HAVE_SYS_MOUNT_H 1
#define HAVE_SYS_PARAM_H 1
#define HAVE_SYS_SOCKET_H 1
#define HAVE_SYS_TIME_H 1
#define HAVE_SYS_VFS_H 1
#define HAVE_SYSLOG_H 1
#define HAVE_TERMIOS_H 1
#define HAVE_UNISTD_H 1
#define HAVE_UTIME_H 1
#define HAVE_WCHAR_H 1
#define HAVE_STRUCT_STAT_ST_RDEV 1
#define HAVE_UNISTD_H 1
#define HAVE_CHOWN 1
#define HAVE_FORK 1
#define HAVE_VFORK 1
#define HAVE_WORKING_VFORK 1
#define HAVE_WORKING_FORK 1
#define LSTAT_FOLLOWS_SLASHED_SYMLINK 1
#define HAVE_STDLIB_H 1
#define HAVE_MALLOC 1
#define HAVE_STDLIB_H 1
#define HAVE_UNISTD_H 1
#define HAVE_GETPAGESIZE 1
#define HAVE_MMAP 1
#define HAVE_STDLIB_H 1
#define HAVE_REALLOC 1
#define HAVE_DUP2 1
#define HAVE_FDATASYNC 1
#define HAVE_FTRUNCATE 1
#define HAVE_GETCWD 1
#define HAVE_GETHOSTBYNAME 1
#define HAVE_GETTIMEOFDAY 1
#define HAVE_LCHOWN 1
#define HAVE_MEMMOVE 1
#define HAVE_MEMSET 1
#define HAVE_MKDIR 1
#define HAVE_MKFIFO 1
#define HAVE_MUNMAP 1
#define HAVE_REALPATH 1
#define HAVE_SELECT 1
#define HAVE_SETENV 1
#define HAVE_SETHOSTNAME 1
#define HAVE_SOCKET 1
#define HAVE_STRCASECMP 1
#define HAVE_STRCHR 1
#define HAVE_STRCSPN 1
#define HAVE_STRDUP 1
#define HAVE_STRERROR 1
#define HAVE_STRNCASECMP 1
#define HAVE_STRNDUP 1
#define HAVE_STRRCHR 1
#define HAVE_STRSTR 1
#define HAVE_STRTOL 1
#define HAVE_STRTOUL 1
#define HAVE_STRVERSCMP 1
#define HAVE_UNAME 1
#define HAVE_UTIME 1
#define HAVE_WCWIDTH 1
#define HAVE_LIBSELINUX 1
#define HAVE_LIBSELINUX 1

configure: exit 0
